MPASM 5.82                  CONTADOR7SEG.ASM   4-8-2024  23:29:36         PAGE  1


LOC  OBJECT CODE     LINE SOURCE TEXT
  VALUE

                      00001             LIST P=16F877A
                      00002             INCLUDE "P16F877A.INC"
                      00001         LIST
                      00002 
                      00003 ;==========================================================================
                      00004 ; Build date : Sep 19 2018
                      00005 ;  MPASM PIC16F877A processor include
                      00006 ; 
                      00007 ;  (c) Copyright 1999-2018 Microchip Technology, All rights reserved
                      00008 ;==========================================================================
                      00009 
                      00567         LIST
                      00003             CBLOCK 0X20
  00000020            00004             T1
  00000021            00005             T2
  00000022            00006             T3
  00000023            00007             CONT
  00000024            00008             CONT2
  00000025            00009             CONT3
                      00010             ENDC
2007   3F32           00011             __CONFIG _FOSC_HS & _WDTE_OFF & _PWRTE_ON & _BOREN_OFF & _LVP_OFF & _CPD_OFF & _WRT_OFF & _C
                            P_OFF
                      00012             ORG 0X0000
                      00013         
0000   1683 1303      00014             BANKSEL     TRISB
Message[302]: Register in operand not in bank 0.  Ensure that bank bits are correct.
0002   0186           00015             CLRF        TRISB
Message[302]: Register in operand not in bank 0.  Ensure that bank bits are correct.
0003   0187           00016             CLRF        TRISC
0004   1283 1303      00017             BANKSEL     PORTB
0006   0186           00018             CLRF        PORTB
                      00019       
0007                  00020 INICIO  
0007   0187           00021         CLRF        PORTC
0008   3000           00022         MOVLW       .0
0009   00A5           00023         MOVWF       CONT3
                      00024         
000A                  00025 RESETCONT2       
000A   3000           00026         MOVLW       .0
000B   00A4           00027         MOVWF       CONT2
                      00028        
000C                  00029 RESETCONT       
000C   3000           00030         MOVLW       .0
000D   00A3           00031         MOVWF       CONT
                      00032       
000E   2???           00033         CALL        DISPLAY
000F   2???           00034         CALL        RETARDO
0010   0AA3           00035         INCF        CONT,F
0011   0823           00036         MOVF        CONT,W
0012   3A0A           00037         XORLW       .10
0013   1D03           00038         BTFSS       STATUS, Z
0014   2???           00039         GOTO        $-6
                      00040         
MPASM 5.82                  CONTADOR7SEG.ASM   4-8-2024  23:29:36         PAGE  2


LOC  OBJECT CODE     LINE SOURCE TEXT
  VALUE

0015   0AA4           00041         INCF        CONT2,F       
0016   0824           00042         MOVF        CONT2,W
0017   3A0A           00043         XORLW       .10
0018   1D03           00044         BTFSS       STATUS,Z
0019   2???           00045         GOTO        RESETCONT
                      00046         
001A   0AA5           00047         INCF        CONT3,F
001B   0825           00048         MOVF        CONT3,W
001C   0087           00049         MOVWF       PORTC
001D   3A0A           00050         XORLW       .10
001E   1D03           00051         BTFSS       STATUS,Z
001F   2???           00052         GOTO        RESETCONT2
                      00053 
0020   2???           00054             GOTO        INICIO 
                      00055         
0021                  00056 DISPLAY 
0021   0E24           00057         SWAPF       CONT2,W
0022   0723           00058         ADDWF       CONT,W
0023   0086           00059         MOVWF       PORTB
0024   0008           00060         RETURN
                      00061  
                      00062         
                      00063         
                      00064         
                      00065         
                      00066                
                      00067 ;//////////////////////////////////////////////////////////////////  
                      00068 ;///////// 1S /////////
0025                  00069 RETARDO     
0025   3007           00070             MOVLW     .7
0026   00A2           00071             MOVWF     T3
0027   2???           00072 X3          CALL      RETARDO1
Message[305]: Using default destination of 1 (file).
0028   0BA2           00073             DECFSZ    T3
0029   2???           00074             GOTO      X3
002A   0008           00075             RETURN                  
                      00076 ;//////// 100mS /////////           
002B                  00077 RETARDO1     
002B   3064           00078             MOVLW     .100
002C   00A1           00079             MOVWF     T2
002D   2???           00080 X2          CALL      RETARDO2
Message[305]: Using default destination of 1 (file).
002E   0BA1           00081             DECFSZ    T2
002F   2???           00082             GOTO      X2
0030   0008           00083             RETURN                  
                      00084 ;//////// 1mS //////////            
0031                  00085 RETARDO2     
0031   30F9           00086             MOVLW     .249
0032   00A0           00087             MOVWF     T1
0033   0000           00088 X1          NOP
Message[305]: Using default destination of 1 (file).
0034   0BA0           00089             DECFSZ    T1
0035   2???           00090             GOTO      X1
MPASM 5.82                  CONTADOR7SEG.ASM   4-8-2024  23:29:36         PAGE  3


LOC  OBJECT CODE     LINE SOURCE TEXT
  VALUE

0036   0008           00091             RETURN
                      00092               
3F32                  00093         END
MPASM 5.82                  CONTADOR7SEG.ASM   4-8-2024  23:29:36         PAGE  4


SYMBOL TABLE
  LABEL                             VALUE 

ACKDT                             00000005
ACKEN                             00000004
ACKSTAT                           00000006
ADCON0                            0000001F
ADCON1                            0000009F
ADCS0                             00000006
ADCS1                             00000007
ADCS2                             00000006
ADDEN                             00000003
ADFM                              00000007
ADIE                              00000006
ADIF                              00000006
ADON                              00000000
ADRESH                            0000001E
ADRESL                            0000009E
BCLIE                             00000003
BCLIF                             00000003
BF                                00000000
BRGH                              00000002
C                                 00000000
C1INV                             00000004
C1OUT                             00000006
C2INV                             00000005
C2OUT                             00000007
CCP1CON                           00000017
CCP1IE                            00000002
CCP1IF                            00000002
CCP1M0                            00000000
CCP1M1                            00000001
CCP1M2                            00000002
CCP1M3                            00000003
CCP1X                             00000005
CCP1Y                             00000004
CCP2CON                           0000001D
CCP2IE                            00000000
CCP2IF                            00000000
CCP2M0                            00000000
CCP2M1                            00000001
CCP2M2                            00000002
CCP2M3                            00000003
CCP2X                             00000005
CCP2Y                             00000004
CCPR1                             00000015
CCPR1H                            00000016
CCPR1L                            00000015
CCPR2                             0000001B
CCPR2H                            0000001C
CCPR2L                            0000001B
CHS0                              00000003
CHS1                              00000004
CHS2                              00000005
CIS                               00000003
CKE                               00000006
MPASM 5.82                  CONTADOR7SEG.ASM   4-8-2024  23:29:36         PAGE  5


SYMBOL TABLE
  LABEL                             VALUE 

CKP                               00000004
CM0                               00000000
CM1                               00000001
CM2                               00000002
CMCON                             0000009C
CMIE                              00000006
CMIF                              00000006
CONT                              00000023
CONT2                             00000024
CONT3                             00000025
CREN                              00000004
CSRC                              00000007
CVR0                              00000000
CVR1                              00000001
CVR2                              00000002
CVR3                              00000003
CVRCON                            0000009D
CVREN                             00000007
CVROE                             00000006
CVRR                              00000005
D                                 00000005
DATA_ADDRESS                      00000005
DC                                00000001
DISPLAY                           00000021
D_A                               00000005
D_NOT_A                           00000005
EEADR                             0000010D
EEADRH                            0000010F
EECON1                            0000018C
EECON2                            0000018D
EEDATA                            0000010C
EEDATH                            0000010E
EEIE                              00000004
EEIF                              00000004
EEPGD                             00000007
F                                 00000001
FERR                              00000002
FSR                               00000004
GCEN                              00000007
GIE                               00000007
GO                                00000002
GO_DONE                           00000002
GO_NOT_DONE                       00000002
I2C_DATA                          00000005
I2C_READ                          00000002
I2C_START                         00000003
I2C_STOP                          00000004
IBF                               00000007
IBOV                              00000005
INDF                              00000000
INICIO                            00000007
INTCON                            0000000B
INTE                              00000004
MPASM 5.82                  CONTADOR7SEG.ASM   4-8-2024  23:29:36         PAGE  6


SYMBOL TABLE
  LABEL                             VALUE 

INTEDG                            00000006
INTF                              00000001
IRP                               00000007
NOT_A                             00000005
NOT_ADDRESS                       00000005
NOT_BO                            00000000
NOT_BOR                           00000000
NOT_DONE                          00000002
NOT_PD                            00000003
NOT_POR                           00000001
NOT_RBPU                          00000007
NOT_RC8                           00000006
NOT_T1SYNC                        00000002
NOT_TO                            00000004
NOT_TX8                           00000006
NOT_W                             00000002
NOT_WRITE                         00000002
OBF                               00000006
OERR                              00000001
OPTION_REG                        00000081
P                                 00000004
PCFG0                             00000000
PCFG1                             00000001
PCFG2                             00000002
PCFG3                             00000003
PCL                               00000002
PCLATH                            0000000A
PCON                              0000008E
PEIE                              00000006
PEN                               00000002
PIE1                              0000008C
PIE2                              0000008D
PIR1                              0000000C
PIR2                              0000000D
PORTA                             00000005
PORTB                             00000006
PORTC                             00000007
PORTD                             00000008
PORTE                             00000009
PR2                               00000092
PS0                               00000000
PS1                               00000001
PS2                               00000002
PSA                               00000003
PSPIE                             00000007
PSPIF                             00000007
PSPMODE                           00000004
R                                 00000002
RA0                               00000000
RA1                               00000001
RA2                               00000002
RA3                               00000003
RA4                               00000004
MPASM 5.82                  CONTADOR7SEG.ASM   4-8-2024  23:29:36         PAGE  7


SYMBOL TABLE
  LABEL                             VALUE 

RA5                               00000005
RB0                               00000000
RB1                               00000001
RB2                               00000002
RB3                               00000003
RB4                               00000004
RB5                               00000005
RB6                               00000006
RB7                               00000007
RBIE                              00000003
RBIF                              00000000
RC0                               00000000
RC1                               00000001
RC2                               00000002
RC3                               00000003
RC4                               00000004
RC5                               00000005
RC6                               00000006
RC7                               00000007
RC8_9                             00000006
RC9                               00000006
RCD8                              00000000
RCEN                              00000003
RCIE                              00000005
RCIF                              00000005
RCREG                             0000001A
RCSTA                             00000018
RD                                00000000
RD0                               00000000
RD1                               00000001
RD2                               00000002
RD3                               00000003
RD4                               00000004
RD5                               00000005
RD6                               00000006
RD7                               00000007
RE0                               00000000
RE1                               00000001
RE2                               00000002
READ_WRITE                        00000002
RESETCONT                         0000000C
RESETCONT2                        0000000A
RETARDO                           00000025
RETARDO1                          0000002B
RETARDO2                          00000031
RP0                               00000005
RP1                               00000006
RSEN                              00000001
RX9                               00000006
RX9D                              00000000
R_NOT_W                           00000002
R_W                               00000002
S                                 00000003
MPASM 5.82                  CONTADOR7SEG.ASM   4-8-2024  23:29:36         PAGE  8


SYMBOL TABLE
  LABEL                             VALUE 

SEN                               00000000
SMP                               00000007
SPBRG                             00000099
SPEN                              00000007
SREN                              00000005
SSPADD                            00000093
SSPBUF                            00000013
SSPCON                            00000014
SSPCON2                           00000091
SSPEN                             00000005
SSPIE                             00000003
SSPIF                             00000003
SSPM0                             00000000
SSPM1                             00000001
SSPM2                             00000002
SSPM3                             00000003
SSPOV                             00000006
SSPSTAT                           00000094
STATUS                            00000003
SYNC                              00000004
T0CS                              00000005
T0IE                              00000005
T0IF                              00000002
T0SE                              00000004
T1                                00000020
T1CKPS0                           00000004
T1CKPS1                           00000005
T1CON                             00000010
T1INSYNC                          00000002
T1OSCEN                           00000003
T1SYNC                            00000002
T2                                00000021
T2CKPS0                           00000000
T2CKPS1                           00000001
T2CON                             00000012
T3                                00000022
TMR0                              00000001
TMR0IE                            00000005
TMR0IF                            00000002
TMR1                              0000000E
TMR1CS                            00000001
TMR1H                             0000000F
TMR1IE                            00000000
TMR1IF                            00000000
TMR1L                             0000000E
TMR1ON                            00000000
TMR2                              00000011
TMR2IE                            00000001
TMR2IF                            00000001
TMR2ON                            00000002
TOUTPS0                           00000003
TOUTPS1                           00000004
TOUTPS2                           00000005
MPASM 5.82                  CONTADOR7SEG.ASM   4-8-2024  23:29:36         PAGE  9


SYMBOL TABLE
  LABEL                             VALUE 

TOUTPS3                           00000006
TRISA                             00000085
TRISA0                            00000000
TRISA1                            00000001
TRISA2                            00000002
TRISA3                            00000003
TRISA4                            00000004
TRISA5                            00000005
TRISB                             00000086
TRISB0                            00000000
TRISB1                            00000001
TRISB2                            00000002
TRISB3                            00000003
TRISB4                            00000004
TRISB5                            00000005
TRISB6                            00000006
TRISB7                            00000007
TRISC                             00000087
TRISC0                            00000000
TRISC1                            00000001
TRISC2                            00000002
TRISC3                            00000003
TRISC4                            00000004
TRISC5                            00000005
TRISC6                            00000006
TRISC7                            00000007
TRISD                             00000088
TRISD0                            00000000
TRISD1                            00000001
TRISD2                            00000002
TRISD3                            00000003
TRISD4                            00000004
TRISD5                            00000005
TRISD6                            00000006
TRISD7                            00000007
TRISE                             00000089
TRISE0                            00000000
TRISE1                            00000001
TRISE2                            00000002
TRMT                              00000001
TX8_9                             00000006
TX9                               00000006
TX9D                              00000000
TXD8                              00000000
TXEN                              00000005
TXIE                              00000004
TXIF                              00000004
TXREG                             00000019
TXSTA                             00000098
UA                                00000001
W                                 00000000
WCOL                              00000007
WR                                00000001
MPASM 5.82                  CONTADOR7SEG.ASM   4-8-2024  23:29:36         PAGE 10


SYMBOL TABLE
  LABEL                             VALUE 

WREN                              00000002
WRERR                             00000003
X1                                00000033
X2                                0000002D
X3                                00000027
Z                                 00000002
_.org_0_0014                      00000014
_BODEN_OFF                        00003FBF
_BODEN_ON                         00003FFF
_BOREN_OFF                        00003FBF
_BOREN_ON                         00003FFF
_CONFIG                           00002007
_CPD_OFF                          00003FFF
_CPD_ON                           00003EFF
_CP_ALL                           00001FFF
_CP_OFF                           00003FFF
_CP_ON                            00001FFF
_DEBUG_OFF                        00003FFF
_DEBUG_ON                         000037FF
_DEVID1                           00002006
_FOSC_EXTRC                       00003FFF
_FOSC_HS                          00003FFE
_FOSC_LP                          00003FFC
_FOSC_XT                          00003FFD
_HS_OSC                           00003FFE
_IDLOC0                           00002000
_IDLOC1                           00002001
_IDLOC2                           00002002
_IDLOC3                           00002003
_LP_OSC                           00003FFC
_LVP_OFF                          00003F7F
_LVP_ON                           00003FFF
_PWRTE_OFF                        00003FFF
_PWRTE_ON                         00003FF7
_RC_OSC                           00003FFF
_WDTE_OFF                         00003FFB
_WDTE_ON                          00003FFF
_WDT_OFF                          00003FFB
_WDT_ON                           00003FFF
_WRT_1FOURTH                      00003BFF
_WRT_256                          00003DFF
_WRT_HALF                         000039FF
_WRT_OFF                          00003FFF
_XT_OSC                           00003FFD
__16F877A                         00000001

Errors   :     0
Warnings :     0 reported,     0 suppressed
Messages :     5 reported,     0 suppressed

