Warning[205] C:\USERS\USER\DESKTOP\SESIÛN 18\S18-CERRADURAE.X\S18-CERRADURAE.ASM 27 : Found directive in column 1. (INCLUDE)
Warning[205] C:\USERS\USER\DESKTOP\SESIÛN 18\S18-CERRADURAE.X\S18-CERRADURAE.ASM 28 : Found directive in column 1. (LIST)
Warning[205] C:\USERS\USER\DESKTOP\SESIÛN 18\S18-CERRADURAE.X\S18-CERRADURAE.ASM 29 : Found directive in column 1. (INCLUDE)
Warning[205] C:\USERS\USER\DESKTOP\SESIÛN 18\S18-CERRADURAE.X\MIMACRO.INC 22 : Found directive in column 1. (endm)
Warning[205] C:\USERS\USER\DESKTOP\SESIÛN 18\S18-CERRADURAE.X\MIMACRO.INC 27 : Found directive in column 1. (endm)
Warning[205] C:\USERS\USER\DESKTOP\SESIÛN 18\S18-CERRADURAE.X\MIMACRO.INC 32 : Found directive in column 1. (endm)
Warning[205] C:\USERS\USER\DESKTOP\SESIÛN 18\S18-CERRADURAE.X\MIMACRO.INC 61 : Found directive in column 1. (endm)
Warning[205] C:\USERS\USER\DESKTOP\SESIÛN 18\S18-CERRADURAE.X\MIMACRO.INC 69 : Found directive in column 1. (endm)
Warning[205] C:\USERS\USER\DESKTOP\SESIÛN 18\S18-CERRADURAE.X\MIMACRO.INC 76 : Found directive in column 1. (endm)
Warning[205] C:\USERS\USER\DESKTOP\SESIÛN 18\S18-CERRADURAE.X\MIMACRO.INC 85 : Found directive in column 1. (endm)
Warning[205] C:\USERS\USER\DESKTOP\SESIÛN 18\S18-CERRADURAE.X\MIMACRO.INC 92 : Found directive in column 1. (endm)
Warning[205] C:\USERS\USER\DESKTOP\SESIÛN 18\S18-CERRADURAE.X\MIMACRO.INC 100 : Found directive in column 1. (endm)
Warning[205] C:\USERS\USER\DESKTOP\SESIÛN 18\S18-CERRADURAE.X\MIMACRO.INC 107 : Found directive in column 1. (endm)
Warning[205] C:\USERS\USER\DESKTOP\SESIÛN 18\S18-CERRADURAE.X\MIMACRO.INC 114 : Found directive in column 1. (endm)
Warning[205] C:\USERS\USER\DESKTOP\SESIÛN 18\S18-CERRADURAE.X\MIMACRO.INC 121 : Found directive in column 1. (endm)
Warning[205] C:\USERS\USER\DESKTOP\SESIÛN 18\S18-CERRADURAE.X\MIMACRO.INC 128 : Found directive in column 1. (endm)
Warning[205] C:\USERS\USER\DESKTOP\SESIÛN 18\S18-CERRADURAE.X\MIMACRO.INC 134 : Found directive in column 1. (endm)
Warning[205] C:\USERS\USER\DESKTOP\SESIÛN 18\S18-CERRADURAE.X\MIMACRO.INC 140 : Found directive in column 1. (endm)
Warning[205] C:\USERS\USER\DESKTOP\SESIÛN 18\S18-CERRADURAE.X\MIMACRO.INC 146 : Found directive in column 1. (endm)
Warning[205] C:\USERS\USER\DESKTOP\SESIÛN 18\S18-CERRADURAE.X\MIMACRO.INC 150 : Found directive in column 1. (endm)
Warning[205] C:\USERS\USER\DESKTOP\SESIÛN 18\S18-CERRADURAE.X\MIMACRO.INC 155 : Found directive in column 1. (endm)
Warning[205] C:\USERS\USER\DESKTOP\SESIÛN 18\S18-CERRADURAE.X\MIMACRO.INC 161 : Found directive in column 1. (endm)
Warning[205] C:\USERS\USER\DESKTOP\SESIÛN 18\S18-CERRADURAE.X\MIMACRO.INC 191 : Found directive in column 1. (endm)
Warning[205] C:\USERS\USER\DESKTOP\SESIÛN 18\S18-CERRADURAE.X\MIMACRO.INC 203 : Found directive in column 1. (endm)
Warning[205] C:\USERS\USER\DESKTOP\SESIÛN 18\S18-CERRADURAE.X\MIMACRO.INC 226 : Found directive in column 1. (endm)
Warning[205] C:\USERS\USER\DESKTOP\SESIÛN 18\S18-CERRADURAE.X\MIMACRO.INC 230 : Found directive in column 1. (endm)
Warning[205] C:\USERS\USER\DESKTOP\SESIÛN 18\S18-CERRADURAE.X\MIMACRO.INC 293 : Found directive in column 1. (endm)
Warning[205] C:\USERS\USER\DESKTOP\SESIÛN 18\S18-CERRADURAE.X\MIMACRO.INC 336 : Found directive in column 1. (endm)
Warning[207] C:\USERS\USER\DESKTOP\SESIÛN 18\S18-CERRADURAE.X\MIMACRO.INC 341 : Found label after column 1. (borralcd)
Warning[205] C:\USERS\USER\DESKTOP\SESIÛN 18\S18-CERRADURAE.X\MIMACRO.INC 349 : Found directive in column 1. (endm)
Warning[207] C:\USERS\USER\DESKTOP\SESIÛN 18\S18-CERRADURAE.X\MIMACRO.INC 350 : Found label after column 1. (desplazaderecha)
Warning[207] C:\USERS\USER\DESKTOP\SESIÛN 18\S18-CERRADURAE.X\MIMACRO.INC 354 : Found label after column 1. (desplazaizquierda)
Warning[207] C:\USERS\USER\DESKTOP\SESIÛN 18\S18-CERRADURAE.X\MIMACRO.INC 358 : Found label after column 1. (apagarpantalla)
Warning[207] C:\USERS\USER\DESKTOP\SESIÛN 18\S18-CERRADURAE.X\MIMACRO.INC 362 : Found label after column 1. (encenderpantalla)
Warning[207] C:\USERS\USER\DESKTOP\SESIÛN 18\S18-CERRADURAE.X\MIMACRO.INC 372 : Found label after column 1. (PULSOSUB)
Warning[205] C:\USERS\USER\DESKTOP\SESIÛN 18\S18-CERRADURAE.X\MIMACRO.INC 386 : Found directive in column 1. (endm)
Warning[205] C:\USERS\USER\DESKTOP\SESIÛN 18\S18-CERRADURAE.X\MIMACRO.INC 394 : Found directive in column 1. (endm)
Warning[205] C:\USERS\USER\DESKTOP\SESIÛN 18\S18-CERRADURAE.X\MIMACRO.INC 403 : Found directive in column 1. (endm)
Warning[205] C:\USERS\USER\DESKTOP\SESIÛN 18\S18-CERRADURAE.X\MIMACRO.INC 413 : Found directive in column 1. (endm)
Warning[205] C:\USERS\USER\DESKTOP\SESIÛN 18\S18-CERRADURAE.X\MIMACRO.INC 427 : Found directive in column 1. (endm)
Warning[205] C:\USERS\USER\DESKTOP\SESIÛN 18\S18-CERRADURAE.X\MIMACRO.INC 433 : Found directive in column 1. (endm)
Warning[205] C:\USERS\USER\DESKTOP\SESIÛN 18\S18-CERRADURAE.X\MIMACRO.INC 441 : Found directive in column 1. (endm)
Warning[205] C:\USERS\USER\DESKTOP\SESIÛN 18\S18-CERRADURAE.X\MIMACRO.INC 446 : Found directive in column 1. (endm)
Warning[205] C:\USERS\USER\DESKTOP\SESIÛN 18\S18-CERRADURAE.X\MIMACRO.INC 454 : Found directive in column 1. (endm)
Warning[205] C:\USERS\USER\DESKTOP\SESIÛN 18\S18-CERRADURAE.X\MIMACRO.INC 462 : Found directive in column 1. (endm)
Warning[205] C:\USERS\USER\DESKTOP\SESIÛN 18\S18-CERRADURAE.X\S18-CERRADURAE.ASM 30 : Found directive in column 1. (__config)
Warning[205] C:\USERS\USER\DESKTOP\SESIÛN 18\S18-CERRADURAE.X\S18-CERRADURAE.ASM 36 : Found directive in column 1. (CBLOCK)
Warning[205] C:\USERS\USER\DESKTOP\SESIÛN 18\S18-CERRADURAE.X\S18-CERRADURAE.ASM 41 : Found directive in column 1. (ENDC)
Warning[205] C:\USERS\USER\DESKTOP\SESIÛN 18\S18-CERRADURAE.X\S18-CERRADURAE.ASM 44 : Found directive in column 1. (ORG)
Warning[206] C:\USERS\USER\DESKTOP\SESIÛN 18\S18-CERRADURAE.X\S18-CERRADURAE.ASM 46 : Found call to macro in column 1. (banco)
Warning[205] C:\USERS\USER\DESKTOP\SESIÛN 18\S18-CERRADURAE.X\MIMACRO.INC 38 : Found directive in column 1. (if)
Warning[205] C:\USERS\USER\DESKTOP\SESIÛN 18\S18-CERRADURAE.X\MIMACRO.INC 43 : Found directive in column 1. (if)
Warning[203] C:\USERS\USER\DESKTOP\SESIÛN 18\S18-CERRADURAE.X\MIMACRO.INC 45 : Found opcode in column 1. (BSF)
Warning[203] C:\USERS\USER\DESKTOP\SESIÛN 18\S18-CERRADURAE.X\MIMACRO.INC 46 : Found opcode in column 1. (BCF)
Warning[205] C:\USERS\USER\DESKTOP\SESIÛN 18\S18-CERRADURAE.X\MIMACRO.INC 47 : Found directive in column 1. (endif)
Warning[205] C:\USERS\USER\DESKTOP\SESIÛN 18\S18-CERRADURAE.X\MIMACRO.INC 49 : Found directive in column 1. (if)
Warning[205] C:\USERS\USER\DESKTOP\SESIÛN 18\S18-CERRADURAE.X\MIMACRO.INC 55 : Found directive in column 1. (if)
Warning[203] C:\USERS\USER\DESKTOP\SESIÛN 18\S18-CERRADURAE.X\S18-CERRADURAE.ASM 47 : Found opcode in column 1. (BCF)
Message[302] C:\USERS\USER\DESKTOP\SESIÛN 18\S18-CERRADURAE.X\S18-CERRADURAE.ASM 47 : Register in operand not in bank 0.  Ensure that bank bits are correct.
Warning[203] C:\USERS\USER\DESKTOP\SESIÛN 18\S18-CERRADURAE.X\S18-CERRADURAE.ASM 48 : Found opcode in column 1. (BSF)
Message[302] C:\USERS\USER\DESKTOP\SESIÛN 18\S18-CERRADURAE.X\S18-CERRADURAE.ASM 48 : Register in operand not in bank 0.  Ensure that bank bits are correct.
Warning[206] C:\USERS\USER\DESKTOP\SESIÛN 18\S18-CERRADURAE.X\S18-CERRADURAE.ASM 49 : Found call to macro in column 1. (banco)
Warning[205] C:\USERS\USER\DESKTOP\SESIÛN 18\S18-CERRADURAE.X\MIMACRO.INC 38 : Found directive in column 1. (if)
Warning[203] C:\USERS\USER\DESKTOP\SESIÛN 18\S18-CERRADURAE.X\MIMACRO.INC 39 : Found opcode in column 1. (BCF)
Warning[203] C:\USERS\USER\DESKTOP\SESIÛN 18\S18-CERRADURAE.X\MIMACRO.INC 40 : Found opcode in column 1. (BCF)
Warning[205] C:\USERS\USER\DESKTOP\SESIÛN 18\S18-CERRADURAE.X\MIMACRO.INC 41 : Found directive in column 1. (endif)
Warning[205] C:\USERS\USER\DESKTOP\SESIÛN 18\S18-CERRADURAE.X\MIMACRO.INC 43 : Found directive in column 1. (if)
Warning[205] C:\USERS\USER\DESKTOP\SESIÛN 18\S18-CERRADURAE.X\MIMACRO.INC 49 : Found directive in column 1. (if)
Warning[205] C:\USERS\USER\DESKTOP\SESIÛN 18\S18-CERRADURAE.X\MIMACRO.INC 55 : Found directive in column 1. (if)
Warning[203] C:\USERS\USER\DESKTOP\SESIÛN 18\S18-CERRADURAE.X\S18-CERRADURAE.ASM 52 : Found opcode in column 1. (BCF)
Warning[206] C:\USERS\USER\DESKTOP\SESIÛN 18\S18-CERRADURAE.X\S18-CERRADURAE.ASM 53 : Found call to macro in column 1. (iniciarlcd)
Warning[206] C:\USERS\USER\DESKTOP\SESIÛN 18\S18-CERRADURAE.X\S18-CERRADURAE.ASM 54 : Found call to macro in column 1. (cursor_off)
Warning[206] C:\USERS\USER\DESKTOP\SESIÛN 18\S18-CERRADURAE.X\S18-CERRADURAE.ASM 55 : Found call to macro in column 1. (iniciar_teclado)
Warning[203] C:\USERS\USER\DESKTOP\SESIÛN 18\S18-CERRADURAE.X\S18-CERRADURAE.ASM 56 : Found opcode in column 1. (CALL)
Warning[203] C:\USERS\USER\DESKTOP\SESIÛN 18\S18-CERRADURAE.X\S18-CERRADURAE.ASM 57 : Found opcode in column 1. (CALL)
Warning[203] C:\USERS\USER\DESKTOP\SESIÛN 18\S18-CERRADURAE.X\S18-CERRADURAE.ASM 61 : Found opcode in column 1. (BTFSC)
Warning[203] C:\USERS\USER\DESKTOP\SESIÛN 18\S18-CERRADURAE.X\S18-CERRADURAE.ASM 62 : Found opcode in column 1. (GOTO)
Warning[206] C:\USERS\USER\DESKTOP\SESIÛN 18\S18-CERRADURAE.X\S18-CERRADURAE.ASM 63 : Found call to macro in column 1. (lcdfc)
Warning[206] C:\USERS\USER\DESKTOP\SESIÛN 18\S18-CERRADURAE.X\S18-CERRADURAE.ASM 65 : Found call to macro in column 1. (leertecla)
Warning[203] C:\USERS\USER\DESKTOP\SESIÛN 18\S18-CERRADURAE.X\S18-CERRADURAE.ASM 66 : Found opcode in column 1. (MOVWF)
Warning[206] C:\USERS\USER\DESKTOP\SESIÛN 18\S18-CERRADURAE.X\S18-CERRADURAE.ASM 67 : Found call to macro in column 1. (escribirreg)
Warning[206] C:\USERS\USER\DESKTOP\SESIÛN 18\S18-CERRADURAE.X\S18-CERRADURAE.ASM 68 : Found call to macro in column 1. (milisegundo)
Warning[206] C:\USERS\USER\DESKTOP\SESIÛN 18\S18-CERRADURAE.X\S18-CERRADURAE.ASM 70 : Found call to macro in column 1. (leertecla)
Warning[203] C:\USERS\USER\DESKTOP\SESIÛN 18\S18-CERRADURAE.X\S18-CERRADURAE.ASM 71 : Found opcode in column 1. (MOVWF)
Warning[206] C:\USERS\USER\DESKTOP\SESIÛN 18\S18-CERRADURAE.X\S18-CERRADURAE.ASM 72 : Found call to macro in column 1. (escribirreg)
Warning[206] C:\USERS\USER\DESKTOP\SESIÛN 18\S18-CERRADURAE.X\S18-CERRADURAE.ASM 73 : Found call to macro in column 1. (milisegundo)
Warning[206] C:\USERS\USER\DESKTOP\SESIÛN 18\S18-CERRADURAE.X\S18-CERRADURAE.ASM 75 : Found call to macro in column 1. (leertecla)
Warning[203] C:\USERS\USER\DESKTOP\SESIÛN 18\S18-CERRADURAE.X\S18-CERRADURAE.ASM 76 : Found opcode in column 1. (MOVWF)
Warning[206] C:\USERS\USER\DESKTOP\SESIÛN 18\S18-CERRADURAE.X\S18-CERRADURAE.ASM 77 : Found call to macro in column 1. (escribirreg)
Warning[206] C:\USERS\USER\DESKTOP\SESIÛN 18\S18-CERRADURAE.X\S18-CERRADURAE.ASM 78 : Found call to macro in column 1. (milisegundo)
Warning[206] C:\USERS\USER\DESKTOP\SESIÛN 18\S18-CERRADURAE.X\S18-CERRADURAE.ASM 80 : Found call to macro in column 1. (leertecla)
Warning[203] C:\USERS\USER\DESKTOP\SESIÛN 18\S18-CERRADURAE.X\S18-CERRADURAE.ASM 81 : Found opcode in column 1. (MOVWF)
Warning[206] C:\USERS\USER\DESKTOP\SESIÛN 18\S18-CERRADURAE.X\S18-CERRADURAE.ASM 82 : Found call to macro in column 1. (escribirreg)
Warning[206] C:\USERS\USER\DESKTOP\SESIÛN 18\S18-CERRADURAE.X\S18-CERRADURAE.ASM 83 : Found call to macro in column 1. (milisegundo)
Warning[206] C:\USERS\USER\DESKTOP\SESIÛN 18\S18-CERRADURAE.X\S18-CERRADURAE.ASM 86 : Found call to macro in column 1. (csni)
Warning[206] C:\USERS\USER\DESKTOP\SESIÛN 18\S18-CERRADURAE.X\S18-CERRADURAE.ASM 87 : Found call to macro in column 1. (csni)
Warning[206] C:\USERS\USER\DESKTOP\SESIÛN 18\S18-CERRADURAE.X\S18-CERRADURAE.ASM 88 : Found call to macro in column 1. (csni)
Warning[206] C:\USERS\USER\DESKTOP\SESIÛN 18\S18-CERRADURAE.X\S18-CERRADURAE.ASM 89 : Found call to macro in column 1. (csni)
Warning[203] C:\USERS\USER\DESKTOP\SESIÛN 18\S18-CERRADURAE.X\S18-CERRADURAE.ASM 93 : Found opcode in column 1. (CALL)
Warning[203] C:\USERS\USER\DESKTOP\SESIÛN 18\S18-CERRADURAE.X\S18-CERRADURAE.ASM 94 : Found opcode in column 1. (GOTO)
Warning[206] C:\USERS\USER\DESKTOP\SESIÛN 18\S18-CERRADURAE.X\S18-CERRADURAE.ASM 101 : Found call to macro in column 1. (lcdfc)
Warning[206] C:\USERS\USER\DESKTOP\SESIÛN 18\S18-CERRADURAE.X\S18-CERRADURAE.ASM 102 : Found call to macro in column 1. (escribir)
Warning[206] C:\USERS\USER\DESKTOP\SESIÛN 18\S18-CERRADURAE.X\S18-CERRADURAE.ASM 103 : Found call to macro in column 1. (escribir)
Warning[206] C:\USERS\USER\DESKTOP\SESIÛN 18\S18-CERRADURAE.X\S18-CERRADURAE.ASM 104 : Found call to macro in column 1. (escribir)
Warning[206] C:\USERS\USER\DESKTOP\SESIÛN 18\S18-CERRADURAE.X\S18-CERRADURAE.ASM 105 : Found call to macro in column 1. (escribir)
Warning[203] C:\USERS\USER\DESKTOP\SESIÛN 18\S18-CERRADURAE.X\S18-CERRADURAE.ASM 106 : Found opcode in column 1. (GOTO)
Warning[203] C:\USERS\USER\DESKTOP\SESIÛN 18\S18-CERRADURAE.X\S18-CERRADURAE.ASM 110 : Found opcode in column 1. (CALL)
Warning[203] C:\USERS\USER\DESKTOP\SESIÛN 18\S18-CERRADURAE.X\S18-CERRADURAE.ASM 111 : Found opcode in column 1. (BTFSS)
Warning[203] C:\USERS\USER\DESKTOP\SESIÛN 18\S18-CERRADURAE.X\S18-CERRADURAE.ASM 112 : Found opcode in column 1. (GOTO)
Warning[203] C:\USERS\USER\DESKTOP\SESIÛN 18\S18-CERRADURAE.X\S18-CERRADURAE.ASM 113 : Found opcode in column 1. (BSF)
Warning[203] C:\USERS\USER\DESKTOP\SESIÛN 18\S18-CERRADURAE.X\S18-CERRADURAE.ASM 115 : Found opcode in column 1. (BTFSC)
Warning[203] C:\USERS\USER\DESKTOP\SESIÛN 18\S18-CERRADURAE.X\S18-CERRADURAE.ASM 116 : Found opcode in column 1. (GOTO)
Warning[203] C:\USERS\USER\DESKTOP\SESIÛN 18\S18-CERRADURAE.X\S18-CERRADURAE.ASM 117 : Found opcode in column 1. (BCF)
Warning[206] C:\USERS\USER\DESKTOP\SESIÛN 18\S18-CERRADURAE.X\S18-CERRADURAE.ASM 118 : Found call to macro in column 1. (borrarfila)
Warning[203] C:\USERS\USER\DESKTOP\SESIÛN 18\S18-CERRADURAE.X\S18-CERRADURAE.ASM 119 : Found opcode in column 1. (CALL)
Warning[206] C:\USERS\USER\DESKTOP\SESIÛN 18\S18-CERRADURAE.X\S18-CERRADURAE.ASM 120 : Found call to macro in column 1. (lcdfc)
Warning[206] C:\USERS\USER\DESKTOP\SESIÛN 18\S18-CERRADURAE.X\S18-CERRADURAE.ASM 121 : Found call to macro in column 1. (escribir)
Warning[206] C:\USERS\USER\DESKTOP\SESIÛN 18\S18-CERRADURAE.X\S18-CERRADURAE.ASM 122 : Found call to macro in column 1. (escribir)
Warning[206] C:\USERS\USER\DESKTOP\SESIÛN 18\S18-CERRADURAE.X\S18-CERRADURAE.ASM 123 : Found call to macro in column 1. (escribir)
Warning[206] C:\USERS\USER\DESKTOP\SESIÛN 18\S18-CERRADURAE.X\S18-CERRADURAE.ASM 124 : Found call to macro in column 1. (escribir)
Warning[203] C:\USERS\USER\DESKTOP\SESIÛN 18\S18-CERRADURAE.X\S18-CERRADURAE.ASM 125 : Found opcode in column 1. (RETURN)
Warning[206] C:\USERS\USER\DESKTOP\SESIÛN 18\S18-CERRADURAE.X\S18-CERRADURAE.ASM 132 : Found call to macro in column 1. (lcdfc)
Warning[206] C:\USERS\USER\DESKTOP\SESIÛN 18\S18-CERRADURAE.X\S18-CERRADURAE.ASM 133 : Found call to macro in column 1. (escribir)
Warning[206] C:\USERS\USER\DESKTOP\SESIÛN 18\S18-CERRADURAE.X\S18-CERRADURAE.ASM 134 : Found call to macro in column 1. (escribir)
Warning[206] C:\USERS\USER\DESKTOP\SESIÛN 18\S18-CERRADURAE.X\S18-CERRADURAE.ASM 135 : Found call to macro in column 1. (escribir)
Warning[206] C:\USERS\USER\DESKTOP\SESIÛN 18\S18-CERRADURAE.X\S18-CERRADURAE.ASM 136 : Found call to macro in column 1. (escribir)
Warning[206] C:\USERS\USER\DESKTOP\SESIÛN 18\S18-CERRADURAE.X\S18-CERRADURAE.ASM 137 : Found call to macro in column 1. (escribir)
Warning[206] C:\USERS\USER\DESKTOP\SESIÛN 18\S18-CERRADURAE.X\S18-CERRADURAE.ASM 138 : Found call to macro in column 1. (escribir)
Warning[203] C:\USERS\USER\DESKTOP\SESIÛN 18\S18-CERRADURAE.X\S18-CERRADURAE.ASM 139 : Found opcode in column 1. (RETURN)
Warning[206] C:\USERS\USER\DESKTOP\SESIÛN 18\S18-CERRADURAE.X\S18-CERRADURAE.ASM 143 : Found call to macro in column 1. (lcdfc)
Warning[206] C:\USERS\USER\DESKTOP\SESIÛN 18\S18-CERRADURAE.X\S18-CERRADURAE.ASM 144 : Found call to macro in column 1. (escribir)
Warning[206] C:\USERS\USER\DESKTOP\SESIÛN 18\S18-CERRADURAE.X\S18-CERRADURAE.ASM 145 : Found call to macro in column 1. (escribir)
Warning[206] C:\USERS\USER\DESKTOP\SESIÛN 18\S18-CERRADURAE.X\S18-CERRADURAE.ASM 146 : Found call to macro in column 1. (escribir)
Warning[206] C:\USERS\USER\DESKTOP\SESIÛN 18\S18-CERRADURAE.X\S18-CERRADURAE.ASM 147 : Found call to macro in column 1. (escribir)
Warning[206] C:\USERS\USER\DESKTOP\SESIÛN 18\S18-CERRADURAE.X\S18-CERRADURAE.ASM 148 : Found call to macro in column 1. (escribir)
Warning[206] C:\USERS\USER\DESKTOP\SESIÛN 18\S18-CERRADURAE.X\S18-CERRADURAE.ASM 149 : Found call to macro in column 1. (escribir)
Warning[206] C:\USERS\USER\DESKTOP\SESIÛN 18\S18-CERRADURAE.X\S18-CERRADURAE.ASM 150 : Found call to macro in column 1. (escribir)
Warning[203] C:\USERS\USER\DESKTOP\SESIÛN 18\S18-CERRADURAE.X\S18-CERRADURAE.ASM 151 : Found opcode in column 1. (RETURN)
Warning[206] C:\USERS\USER\DESKTOP\SESIÛN 18\S18-CERRADURAE.X\S18-CERRADURAE.ASM 155 : Found call to macro in column 1. (lcdfc)
Warning[206] C:\USERS\USER\DESKTOP\SESIÛN 18\S18-CERRADURAE.X\S18-CERRADURAE.ASM 156 : Found call to macro in column 1. (escribir)
Warning[206] C:\USERS\USER\DESKTOP\SESIÛN 18\S18-CERRADURAE.X\S18-CERRADURAE.ASM 157 : Found call to macro in column 1. (escribir)
Warning[206] C:\USERS\USER\DESKTOP\SESIÛN 18\S18-CERRADURAE.X\S18-CERRADURAE.ASM 158 : Found call to macro in column 1. (escribir)
Warning[206] C:\USERS\USER\DESKTOP\SESIÛN 18\S18-CERRADURAE.X\S18-CERRADURAE.ASM 159 : Found call to macro in column 1. (escribir)
Warning[206] C:\USERS\USER\DESKTOP\SESIÛN 18\S18-CERRADURAE.X\S18-CERRADURAE.ASM 160 : Found call to macro in column 1. (escribir)
Warning[206] C:\USERS\USER\DESKTOP\SESIÛN 18\S18-CERRADURAE.X\S18-CERRADURAE.ASM 161 : Found call to macro in column 1. (escribir)
Warning[206] C:\USERS\USER\DESKTOP\SESIÛN 18\S18-CERRADURAE.X\S18-CERRADURAE.ASM 162 : Found call to macro in column 1. (escribir)
Warning[206] C:\USERS\USER\DESKTOP\SESIÛN 18\S18-CERRADURAE.X\S18-CERRADURAE.ASM 163 : Found call to macro in column 1. (escribir)
Warning[203] C:\USERS\USER\DESKTOP\SESIÛN 18\S18-CERRADURAE.X\S18-CERRADURAE.ASM 164 : Found opcode in column 1. (RETURN)
Warning[205] C:\USERS\USER\DESKTOP\SESIÛN 18\S18-CERRADURAE.X\S18-CERRADURAE.ASM 170 : Found directive in column 1. (INCLUDE)
Warning[205] C:\USERS\USER\DESKTOP\SESIÛN 18\S18-CERRADURAE.X\TECLADO4X4.ASM 18 : Found directive in column 1. (CBLOCK)
Warning[205] C:\USERS\USER\DESKTOP\SESIÛN 18\S18-CERRADURAE.X\TECLADO4X4.ASM 23 : Found directive in column 1. (ENDC)
Warning[206] C:\USERS\USER\DESKTOP\SESIÛN 18\S18-CERRADURAE.X\TECLADO4X4.ASM 26 : Found call to macro in column 1. (banco)
Warning[205] C:\USERS\USER\DESKTOP\SESIÛN 18\S18-CERRADURAE.X\MIMACRO.INC 38 : Found directive in column 1. (if)
Warning[205] C:\USERS\USER\DESKTOP\SESIÛN 18\S18-CERRADURAE.X\MIMACRO.INC 43 : Found directive in column 1. (if)
Warning[203] C:\USERS\USER\DESKTOP\SESIÛN 18\S18-CERRADURAE.X\MIMACRO.INC 45 : Found opcode in column 1. (BSF)
Warning[203] C:\USERS\USER\DESKTOP\SESIÛN 18\S18-CERRADURAE.X\MIMACRO.INC 46 : Found opcode in column 1. (BCF)
Warning[205] C:\USERS\USER\DESKTOP\SESIÛN 18\S18-CERRADURAE.X\MIMACRO.INC 47 : Found directive in column 1. (endif)
Warning[205] C:\USERS\USER\DESKTOP\SESIÛN 18\S18-CERRADURAE.X\MIMACRO.INC 49 : Found directive in column 1. (if)
Warning[205] C:\USERS\USER\DESKTOP\SESIÛN 18\S18-CERRADURAE.X\MIMACRO.INC 55 : Found directive in column 1. (if)
Warning[203] C:\USERS\USER\DESKTOP\SESIÛN 18\S18-CERRADURAE.X\TECLADO4X4.ASM 27 : Found opcode in column 1. (MOVLW)
Warning[203] C:\USERS\USER\DESKTOP\SESIÛN 18\S18-CERRADURAE.X\TECLADO4X4.ASM 28 : Found opcode in column 1. (MOVWF)
Message[302] C:\USERS\USER\DESKTOP\SESIÛN 18\S18-CERRADURAE.X\TECLADO4X4.ASM 28 : Register in operand not in bank 0.  Ensure that bank bits are correct.
Warning[203] C:\USERS\USER\DESKTOP\SESIÛN 18\S18-CERRADURAE.X\TECLADO4X4.ASM 29 : Found opcode in column 1. (BCF)
Message[302] C:\USERS\USER\DESKTOP\SESIÛN 18\S18-CERRADURAE.X\TECLADO4X4.ASM 29 : Register in operand not in bank 0.  Ensure that bank bits are correct.
Warning[206] C:\USERS\USER\DESKTOP\SESIÛN 18\S18-CERRADURAE.X\TECLADO4X4.ASM 30 : Found call to macro in column 1. (banco)
Warning[205] C:\USERS\USER\DESKTOP\SESIÛN 18\S18-CERRADURAE.X\MIMACRO.INC 38 : Found directive in column 1. (if)
Warning[203] C:\USERS\USER\DESKTOP\SESIÛN 18\S18-CERRADURAE.X\MIMACRO.INC 39 : Found opcode in column 1. (BCF)
Warning[203] C:\USERS\USER\DESKTOP\SESIÛN 18\S18-CERRADURAE.X\MIMACRO.INC 40 : Found opcode in column 1. (BCF)
Warning[205] C:\USERS\USER\DESKTOP\SESIÛN 18\S18-CERRADURAE.X\MIMACRO.INC 41 : Found directive in column 1. (endif)
Warning[205] C:\USERS\USER\DESKTOP\SESIÛN 18\S18-CERRADURAE.X\MIMACRO.INC 43 : Found directive in column 1. (if)
Warning[205] C:\USERS\USER\DESKTOP\SESIÛN 18\S18-CERRADURAE.X\MIMACRO.INC 49 : Found directive in column 1. (if)
Warning[205] C:\USERS\USER\DESKTOP\SESIÛN 18\S18-CERRADURAE.X\MIMACRO.INC 55 : Found directive in column 1. (if)
Warning[203] C:\USERS\USER\DESKTOP\SESIÛN 18\S18-CERRADURAE.X\TECLADO4X4.ASM 31 : Found opcode in column 1. (CLRF)
Warning[203] C:\USERS\USER\DESKTOP\SESIÛN 18\S18-CERRADURAE.X\TECLADO4X4.ASM 32 : Found opcode in column 1. (CLRF)
Warning[203] C:\USERS\USER\DESKTOP\SESIÛN 18\S18-CERRADURAE.X\TECLADO4X4.ASM 33 : Found opcode in column 1. (RETURN)
Warning[206] C:\USERS\USER\DESKTOP\SESIÛN 18\S18-CERRADURAE.X\TECLADO4X4.ASM 36 : Found call to macro in column 1. (cargarvalor)
Warning[206] C:\USERS\USER\DESKTOP\SESIÛN 18\S18-CERRADURAE.X\TECLADO4X4.ASM 37 : Found call to macro in column 1. (cargarvalor)
Warning[203] C:\USERS\USER\DESKTOP\SESIÛN 18\S18-CERRADURAE.X\TECLADO4X4.ASM 38 : Found opcode in column 1. (nop)
Warning[206] C:\USERS\USER\DESKTOP\SESIÛN 18\S18-CERRADURAE.X\TECLADO4X4.ASM 39 : Found call to macro in column 1. (copiarregistro)
Warning[206] C:\USERS\USER\DESKTOP\SESIÛN 18\S18-CERRADURAE.X\TECLADO4X4.ASM 40 : Found call to macro in column 1. (csi)
Warning[206] C:\USERS\USER\DESKTOP\SESIÛN 18\S18-CERRADURAE.X\TECLADO4X4.ASM 41 : Found call to macro in column 1. (csi)
Warning[206] C:\USERS\USER\DESKTOP\SESIÛN 18\S18-CERRADURAE.X\TECLADO4X4.ASM 42 : Found call to macro in column 1. (csi)
Warning[206] C:\USERS\USER\DESKTOP\SESIÛN 18\S18-CERRADURAE.X\TECLADO4X4.ASM 43 : Found call to macro in column 1. (csi)
Warning[206] C:\USERS\USER\DESKTOP\SESIÛN 18\S18-CERRADURAE.X\TECLADO4X4.ASM 45 : Found call to macro in column 1. (cargarvalor)
Warning[203] C:\USERS\USER\DESKTOP\SESIÛN 18\S18-CERRADURAE.X\TECLADO4X4.ASM 46 : Found opcode in column 1. (nop)
Warning[206] C:\USERS\USER\DESKTOP\SESIÛN 18\S18-CERRADURAE.X\TECLADO4X4.ASM 47 : Found call to macro in column 1. (copiarregistro)
Warning[206] C:\USERS\USER\DESKTOP\SESIÛN 18\S18-CERRADURAE.X\TECLADO4X4.ASM 48 : Found call to macro in column 1. (csi)
Warning[206] C:\USERS\USER\DESKTOP\SESIÛN 18\S18-CERRADURAE.X\TECLADO4X4.ASM 49 : Found call to macro in column 1. (csi)
Warning[206] C:\USERS\USER\DESKTOP\SESIÛN 18\S18-CERRADURAE.X\TECLADO4X4.ASM 50 : Found call to macro in column 1. (csi)
Warning[206] C:\USERS\USER\DESKTOP\SESIÛN 18\S18-CERRADURAE.X\TECLADO4X4.ASM 51 : Found call to macro in column 1. (csi)
Warning[206] C:\USERS\USER\DESKTOP\SESIÛN 18\S18-CERRADURAE.X\TECLADO4X4.ASM 53 : Found call to macro in column 1. (cargarvalor)
Warning[203] C:\USERS\USER\DESKTOP\SESIÛN 18\S18-CERRADURAE.X\TECLADO4X4.ASM 54 : Found opcode in column 1. (nop)
Warning[206] C:\USERS\USER\DESKTOP\SESIÛN 18\S18-CERRADURAE.X\TECLADO4X4.ASM 55 : Found call to macro in column 1. (copiarregistro)
Warning[206] C:\USERS\USER\DESKTOP\SESIÛN 18\S18-CERRADURAE.X\TECLADO4X4.ASM 56 : Found call to macro in column 1. (csi)
Warning[206] C:\USERS\USER\DESKTOP\SESIÛN 18\S18-CERRADURAE.X\TECLADO4X4.ASM 57 : Found call to macro in column 1. (csi)
Warning[206] C:\USERS\USER\DESKTOP\SESIÛN 18\S18-CERRADURAE.X\TECLADO4X4.ASM 58 : Found call to macro in column 1. (csi)
Warning[206] C:\USERS\USER\DESKTOP\SESIÛN 18\S18-CERRADURAE.X\TECLADO4X4.ASM 59 : Found call to macro in column 1. (csi)
Warning[206] C:\USERS\USER\DESKTOP\SESIÛN 18\S18-CERRADURAE.X\TECLADO4X4.ASM 61 : Found call to macro in column 1. (cargarvalor)
Warning[203] C:\USERS\USER\DESKTOP\SESIÛN 18\S18-CERRADURAE.X\TECLADO4X4.ASM 62 : Found opcode in column 1. (nop)
Warning[206] C:\USERS\USER\DESKTOP\SESIÛN 18\S18-CERRADURAE.X\TECLADO4X4.ASM 63 : Found call to macro in column 1. (copiarregistro)
Warning[206] C:\USERS\USER\DESKTOP\SESIÛN 18\S18-CERRADURAE.X\TECLADO4X4.ASM 64 : Found call to macro in column 1. (csi)
Warning[206] C:\USERS\USER\DESKTOP\SESIÛN 18\S18-CERRADURAE.X\TECLADO4X4.ASM 65 : Found call to macro in column 1. (csi)
Warning[206] C:\USERS\USER\DESKTOP\SESIÛN 18\S18-CERRADURAE.X\TECLADO4X4.ASM 66 : Found call to macro in column 1. (csi)
Warning[206] C:\USERS\USER\DESKTOP\SESIÛN 18\S18-CERRADURAE.X\TECLADO4X4.ASM 67 : Found call to macro in column 1. (csi)
Warning[206] C:\USERS\USER\DESKTOP\SESIÛN 18\S18-CERRADURAE.X\TECLADO4X4.ASM 68 : Found call to macro in column 1. (csi)
Warning[206] C:\USERS\USER\DESKTOP\SESIÛN 18\S18-CERRADURAE.X\TECLADO4X4.ASM 71 : Found call to macro in column 1. (cargarvalor)
Warning[203] C:\USERS\USER\DESKTOP\SESIÛN 18\S18-CERRADURAE.X\TECLADO4X4.ASM 72 : Found opcode in column 1. (BTFSS)
Warning[203] C:\USERS\USER\DESKTOP\SESIÛN 18\S18-CERRADURAE.X\TECLADO4X4.ASM 73 : Found opcode in column 1. (RETURN)
Warning[203] C:\USERS\USER\DESKTOP\SESIÛN 18\S18-CERRADURAE.X\TECLADO4X4.ASM 74 : Found opcode in column 1. (GOTO)
Warning[206] C:\USERS\USER\DESKTOP\SESIÛN 18\S18-CERRADURAE.X\TECLADO4X4.ASM 77 : Found call to macro in column 1. (cargarvalor)
Warning[203] C:\USERS\USER\DESKTOP\SESIÛN 18\S18-CERRADURAE.X\TECLADO4X4.ASM 78 : Found opcode in column 1. (RETURN)
Warning[206] C:\USERS\USER\DESKTOP\SESIÛN 18\S18-CERRADURAE.X\TECLADO4X4.ASM 81 : Found call to macro in column 1. (cargarvalor)
Warning[203] C:\USERS\USER\DESKTOP\SESIÛN 18\S18-CERRADURAE.X\TECLADO4X4.ASM 82 : Found opcode in column 1. (RETURN)
Warning[206] C:\USERS\USER\DESKTOP\SESIÛN 18\S18-CERRADURAE.X\TECLADO4X4.ASM 85 : Found call to macro in column 1. (cargarvalor)
Warning[203] C:\USERS\USER\DESKTOP\SESIÛN 18\S18-CERRADURAE.X\TECLADO4X4.ASM 86 : Found opcode in column 1. (RETURN)
Warning[206] C:\USERS\USER\DESKTOP\SESIÛN 18\S18-CERRADURAE.X\TECLADO4X4.ASM 89 : Found call to macro in column 1. (cargarvalor)
Warning[203] C:\USERS\USER\DESKTOP\SESIÛN 18\S18-CERRADURAE.X\TECLADO4X4.ASM 90 : Found opcode in column 1. (RETURN)
Warning[206] C:\USERS\USER\DESKTOP\SESIÛN 18\S18-CERRADURAE.X\TECLADO4X4.ASM 93 : Found call to macro in column 1. (cargarvalor)
Warning[203] C:\USERS\USER\DESKTOP\SESIÛN 18\S18-CERRADURAE.X\TECLADO4X4.ASM 94 : Found opcode in column 1. (RETURN)
Warning[206] C:\USERS\USER\DESKTOP\SESIÛN 18\S18-CERRADURAE.X\TECLADO4X4.ASM 97 : Found call to macro in column 1. (cargarvalor)
Warning[203] C:\USERS\USER\DESKTOP\SESIÛN 18\S18-CERRADURAE.X\TECLADO4X4.ASM 98 : Found opcode in column 1. (RETURN)
Warning[206] C:\USERS\USER\DESKTOP\SESIÛN 18\S18-CERRADURAE.X\TECLADO4X4.ASM 101 : Found call to macro in column 1. (cargarvalor)
Warning[203] C:\USERS\USER\DESKTOP\SESIÛN 18\S18-CERRADURAE.X\TECLADO4X4.ASM 102 : Found opcode in column 1. (RETURN)
Warning[206] C:\USERS\USER\DESKTOP\SESIÛN 18\S18-CERRADURAE.X\TECLADO4X4.ASM 105 : Found call to macro in column 1. (cargarvalor)
Warning[203] C:\USERS\USER\DESKTOP\SESIÛN 18\S18-CERRADURAE.X\TECLADO4X4.ASM 106 : Found opcode in column 1. (RETURN)
Warning[206] C:\USERS\USER\DESKTOP\SESIÛN 18\S18-CERRADURAE.X\TECLADO4X4.ASM 109 : Found call to macro in column 1. (cargarvalor)
Warning[203] C:\USERS\USER\DESKTOP\SESIÛN 18\S18-CERRADURAE.X\TECLADO4X4.ASM 110 : Found opcode in column 1. (RETURN)
Warning[206] C:\USERS\USER\DESKTOP\SESIÛN 18\S18-CERRADURAE.X\TECLADO4X4.ASM 113 : Found call to macro in column 1. (cargarvalor)
Warning[203] C:\USERS\USER\DESKTOP\SESIÛN 18\S18-CERRADURAE.X\TECLADO4X4.ASM 114 : Found opcode in column 1. (RETURN)
Warning[206] C:\USERS\USER\DESKTOP\SESIÛN 18\S18-CERRADURAE.X\TECLADO4X4.ASM 117 : Found call to macro in column 1. (cargarvalor)
Warning[203] C:\USERS\USER\DESKTOP\SESIÛN 18\S18-CERRADURAE.X\TECLADO4X4.ASM 118 : Found opcode in column 1. (RETURN)
Warning[206] C:\USERS\USER\DESKTOP\SESIÛN 18\S18-CERRADURAE.X\TECLADO4X4.ASM 121 : Found call to macro in column 1. (cargarvalor)
Warning[203] C:\USERS\USER\DESKTOP\SESIÛN 18\S18-CERRADURAE.X\TECLADO4X4.ASM 122 : Found opcode in column 1. (RETURN)
Warning[206] C:\USERS\USER\DESKTOP\SESIÛN 18\S18-CERRADURAE.X\TECLADO4X4.ASM 125 : Found call to macro in column 1. (cargarvalor)
Warning[203] C:\USERS\USER\DESKTOP\SESIÛN 18\S18-CERRADURAE.X\TECLADO4X4.ASM 126 : Found opcode in column 1. (RETURN)
Warning[206] C:\USERS\USER\DESKTOP\SESIÛN 18\S18-CERRADURAE.X\TECLADO4X4.ASM 129 : Found call to macro in column 1. (cargarvalor)
Warning[203] C:\USERS\USER\DESKTOP\SESIÛN 18\S18-CERRADURAE.X\TECLADO4X4.ASM 130 : Found opcode in column 1. (RETURN)
Warning[206] C:\USERS\USER\DESKTOP\SESIÛN 18\S18-CERRADURAE.X\TECLADO4X4.ASM 133 : Found call to macro in column 1. (cargarvalor)
Warning[203] C:\USERS\USER\DESKTOP\SESIÛN 18\S18-CERRADURAE.X\TECLADO4X4.ASM 134 : Found opcode in column 1. (RETURN)
Warning[206] C:\USERS\USER\DESKTOP\SESIÛN 18\S18-CERRADURAE.X\TECLADO4X4.ASM 137 : Found call to macro in column 1. (cargarvalor)
Warning[203] C:\USERS\USER\DESKTOP\SESIÛN 18\S18-CERRADURAE.X\TECLADO4X4.ASM 138 : Found opcode in column 1. (RETURN)
Warning[205] C:\USERS\USER\DESKTOP\SESIÛN 18\S18-CERRADURAE.X\S18-CERRADURAE.ASM 171 : Found directive in column 1. (INCLUDE)
Warning[205] C:\USERS\USER\DESKTOP\SESIÛN 18\S18-CERRADURAE.X\LCD16X2.ASM 7 : Found directive in column 1. (cblock)
Warning[205] C:\USERS\USER\DESKTOP\SESIÛN 18\S18-CERRADURAE.X\LCD16X2.ASM 16 : Found directive in column 1. (ENDC)
Warning[203] C:\USERS\USER\DESKTOP\SESIÛN 18\S18-CERRADURAE.X\LCD16X2.ASM 66 : Found opcode in column 1. (RETURN)
Warning[203] C:\USERS\USER\DESKTOP\SESIÛN 18\S18-CERRADURAE.X\LCD16X2.ASM 91 : Found opcode in column 1. (RETURN)
Warning[205] C:\USERS\USER\DESKTOP\SESIÛN 18\S18-CERRADURAE.X\MIMACRO.INC 38 : Found directive in column 1. (if)
Warning[205] C:\USERS\USER\DESKTOP\SESIÛN 18\S18-CERRADURAE.X\MIMACRO.INC 43 : Found directive in column 1. (if)
Warning[203] C:\USERS\USER\DESKTOP\SESIÛN 18\S18-CERRADURAE.X\MIMACRO.INC 45 : Found opcode in column 1. (BSF)
Warning[203] C:\USERS\USER\DESKTOP\SESIÛN 18\S18-CERRADURAE.X\MIMACRO.INC 46 : Found opcode in column 1. (BCF)
Warning[205] C:\USERS\USER\DESKTOP\SESIÛN 18\S18-CERRADURAE.X\MIMACRO.INC 47 : Found directive in column 1. (endif)
Warning[205] C:\USERS\USER\DESKTOP\SESIÛN 18\S18-CERRADURAE.X\MIMACRO.INC 49 : Found directive in column 1. (if)
Warning[205] C:\USERS\USER\DESKTOP\SESIÛN 18\S18-CERRADURAE.X\MIMACRO.INC 55 : Found directive in column 1. (if)
Message[302] C:\USERS\USER\DESKTOP\SESIÛN 18\S18-CERRADURAE.X\LCD16X2.ASM 96 : Register in operand not in bank 0.  Ensure that bank bits are correct.
Warning[205] C:\USERS\USER\DESKTOP\SESIÛN 18\S18-CERRADURAE.X\MIMACRO.INC 38 : Found directive in column 1. (if)
Warning[203] C:\USERS\USER\DESKTOP\SESIÛN 18\S18-CERRADURAE.X\MIMACRO.INC 39 : Found opcode in column 1. (BCF)
Warning[203] C:\USERS\USER\DESKTOP\SESIÛN 18\S18-CERRADURAE.X\MIMACRO.INC 40 : Found opcode in column 1. (BCF)
Warning[205] C:\USERS\USER\DESKTOP\SESIÛN 18\S18-CERRADURAE.X\MIMACRO.INC 41 : Found directive in column 1. (endif)
Warning[205] C:\USERS\USER\DESKTOP\SESIÛN 18\S18-CERRADURAE.X\MIMACRO.INC 43 : Found directive in column 1. (if)
Warning[205] C:\USERS\USER\DESKTOP\SESIÛN 18\S18-CERRADURAE.X\MIMACRO.INC 49 : Found directive in column 1. (if)
Warning[205] C:\USERS\USER\DESKTOP\SESIÛN 18\S18-CERRADURAE.X\MIMACRO.INC 55 : Found directive in column 1. (if)
Warning[205] C:\USERS\USER\DESKTOP\SESIÛN 18\S18-CERRADURAE.X\MIMACRO.INC 38 : Found directive in column 1. (if)
Warning[205] C:\USERS\USER\DESKTOP\SESIÛN 18\S18-CERRADURAE.X\MIMACRO.INC 43 : Found directive in column 1. (if)
Warning[203] C:\USERS\USER\DESKTOP\SESIÛN 18\S18-CERRADURAE.X\MIMACRO.INC 45 : Found opcode in column 1. (BSF)
Warning[203] C:\USERS\USER\DESKTOP\SESIÛN 18\S18-CERRADURAE.X\MIMACRO.INC 46 : Found opcode in column 1. (BCF)
Warning[205] C:\USERS\USER\DESKTOP\SESIÛN 18\S18-CERRADURAE.X\MIMACRO.INC 47 : Found directive in column 1. (endif)
Warning[205] C:\USERS\USER\DESKTOP\SESIÛN 18\S18-CERRADURAE.X\MIMACRO.INC 49 : Found directive in column 1. (if)
Warning[205] C:\USERS\USER\DESKTOP\SESIÛN 18\S18-CERRADURAE.X\MIMACRO.INC 55 : Found directive in column 1. (if)
Message[302] C:\USERS\USER\DESKTOP\SESIÛN 18\S18-CERRADURAE.X\LCD16X2.ASM 119 : Register in operand not in bank 0.  Ensure that bank bits are correct.
Warning[205] C:\USERS\USER\DESKTOP\SESIÛN 18\S18-CERRADURAE.X\MIMACRO.INC 38 : Found directive in column 1. (if)
Warning[203] C:\USERS\USER\DESKTOP\SESIÛN 18\S18-CERRADURAE.X\MIMACRO.INC 39 : Found opcode in column 1. (BCF)
Warning[203] C:\USERS\USER\DESKTOP\SESIÛN 18\S18-CERRADURAE.X\MIMACRO.INC 40 : Found opcode in column 1. (BCF)
Warning[205] C:\USERS\USER\DESKTOP\SESIÛN 18\S18-CERRADURAE.X\MIMACRO.INC 41 : Found directive in column 1. (endif)
Warning[205] C:\USERS\USER\DESKTOP\SESIÛN 18\S18-CERRADURAE.X\MIMACRO.INC 43 : Found directive in column 1. (if)
Warning[205] C:\USERS\USER\DESKTOP\SESIÛN 18\S18-CERRADURAE.X\MIMACRO.INC 49 : Found directive in column 1. (if)
Warning[205] C:\USERS\USER\DESKTOP\SESIÛN 18\S18-CERRADURAE.X\MIMACRO.INC 55 : Found directive in column 1. (if)
Warning[203] C:\USERS\USER\DESKTOP\SESIÛN 18\S18-CERRADURAE.X\LCD16X2.ASM 121 : Found opcode in column 1. (RETURN)
Warning[205] C:\USERS\USER\DESKTOP\SESIÛN 18\S18-CERRADURAE.X\MIMACRO.INC 38 : Found directive in column 1. (if)
Warning[203] C:\USERS\USER\DESKTOP\SESIÛN 18\S18-CERRADURAE.X\MIMACRO.INC 39 : Found opcode in column 1. (BCF)
Warning[203] C:\USERS\USER\DESKTOP\SESIÛN 18\S18-CERRADURAE.X\MIMACRO.INC 40 : Found opcode in column 1. (BCF)
Warning[205] C:\USERS\USER\DESKTOP\SESIÛN 18\S18-CERRADURAE.X\MIMACRO.INC 41 : Found directive in column 1. (endif)
Warning[205] C:\USERS\USER\DESKTOP\SESIÛN 18\S18-CERRADURAE.X\MIMACRO.INC 43 : Found directive in column 1. (if)
Warning[205] C:\USERS\USER\DESKTOP\SESIÛN 18\S18-CERRADURAE.X\MIMACRO.INC 49 : Found directive in column 1. (if)
Warning[205] C:\USERS\USER\DESKTOP\SESIÛN 18\S18-CERRADURAE.X\MIMACRO.INC 55 : Found directive in column 1. (if)
Warning[205] C:\USERS\USER\DESKTOP\SESIÛN 18\S18-CERRADURAE.X\MIMACRO.INC 38 : Found directive in column 1. (if)
Warning[205] C:\USERS\USER\DESKTOP\SESIÛN 18\S18-CERRADURAE.X\MIMACRO.INC 43 : Found directive in column 1. (if)
Warning[203] C:\USERS\USER\DESKTOP\SESIÛN 18\S18-CERRADURAE.X\MIMACRO.INC 45 : Found opcode in column 1. (BSF)
Warning[203] C:\USERS\USER\DESKTOP\SESIÛN 18\S18-CERRADURAE.X\MIMACRO.INC 46 : Found opcode in column 1. (BCF)
Warning[205] C:\USERS\USER\DESKTOP\SESIÛN 18\S18-CERRADURAE.X\MIMACRO.INC 47 : Found directive in column 1. (endif)
Warning[205] C:\USERS\USER\DESKTOP\SESIÛN 18\S18-CERRADURAE.X\MIMACRO.INC 49 : Found directive in column 1. (if)
Warning[205] C:\USERS\USER\DESKTOP\SESIÛN 18\S18-CERRADURAE.X\MIMACRO.INC 55 : Found directive in column 1. (if)
Message[302] C:\USERS\USER\DESKTOP\SESIÛN 18\S18-CERRADURAE.X\LCD16X2.ASM 133 : Register in operand not in bank 0.  Ensure that bank bits are correct.
Message[302] C:\USERS\USER\DESKTOP\SESIÛN 18\S18-CERRADURAE.X\LCD16X2.ASM 134 : Register in operand not in bank 0.  Ensure that bank bits are correct.
Message[302] C:\USERS\USER\DESKTOP\SESIÛN 18\S18-CERRADURAE.X\LCD16X2.ASM 135 : Register in operand not in bank 0.  Ensure that bank bits are correct.
Message[302] C:\USERS\USER\DESKTOP\SESIÛN 18\S18-CERRADURAE.X\LCD16X2.ASM 136 : Register in operand not in bank 0.  Ensure that bank bits are correct.
Warning[205] C:\USERS\USER\DESKTOP\SESIÛN 18\S18-CERRADURAE.X\MIMACRO.INC 38 : Found directive in column 1. (if)
Warning[203] C:\USERS\USER\DESKTOP\SESIÛN 18\S18-CERRADURAE.X\MIMACRO.INC 39 : Found opcode in column 1. (BCF)
Warning[203] C:\USERS\USER\DESKTOP\SESIÛN 18\S18-CERRADURAE.X\MIMACRO.INC 40 : Found opcode in column 1. (BCF)
Warning[205] C:\USERS\USER\DESKTOP\SESIÛN 18\S18-CERRADURAE.X\MIMACRO.INC 41 : Found directive in column 1. (endif)
Warning[205] C:\USERS\USER\DESKTOP\SESIÛN 18\S18-CERRADURAE.X\MIMACRO.INC 43 : Found directive in column 1. (if)
Warning[205] C:\USERS\USER\DESKTOP\SESIÛN 18\S18-CERRADURAE.X\MIMACRO.INC 49 : Found directive in column 1. (if)
Warning[205] C:\USERS\USER\DESKTOP\SESIÛN 18\S18-CERRADURAE.X\MIMACRO.INC 55 : Found directive in column 1. (if)
Warning[207] C:\USERS\USER\DESKTOP\SESIÛN 18\S18-CERRADURAE.X\LCD16X2.ASM 207 : Found label after column 1. (FUERALIM1T3)
Warning[207] C:\USERS\USER\DESKTOP\SESIÛN 18\S18-CERRADURAE.X\LCD16X2.ASM 210 : Found label after column 1. (UND1G)
Warning[207] C:\USERS\USER\DESKTOP\SESIÛN 18\S18-CERRADURAE.X\LCD16X2.ASM 215 : Found label after column 1. (D0SDIG)
Warning[207] C:\USERS\USER\DESKTOP\SESIÛN 18\S18-CERRADURAE.X\LCD16X2.ASM 220 : Found label after column 1. (TRESD1G)
Warning[207] C:\USERS\USER\DESKTOP\SESIÛN 18\S18-CERRADURAE.X\LCD16X2.ASM 228 : Found label after column 1. (subp4arab0rf1l)
Warning[205] C:\USERS\USER\DESKTOP\SESIÛN 18\S18-CERRADURAE.X\S18-CERRADURAE.ASM 172 : Found directive in column 1. (INCLUDE)
Warning[207] C:\USERS\USER\DESKTOP\SESIÛN 18\S18-CERRADURAE.X\RETARDOS.ASM 20 : Found label after column 1. (retbucle1)
Warning[207] C:\USERS\USER\DESKTOP\SESIÛN 18\S18-CERRADURAE.X\RETARDOS.ASM 23 : Found label after column 1. (retbucle2)
Warning[207] C:\USERS\USER\DESKTOP\SESIÛN 18\S18-CERRADURAE.X\RETARDOS.ASM 26 : Found label after column 1. (retbucle3)
Warning[203] C:\USERS\USER\DESKTOP\SESIÛN 18\S18-CERRADURAE.X\RETARDOS.ASM 35 : Found opcode in column 1. (RETURN)
Warning[207] C:\USERS\USER\DESKTOP\SESIÛN 18\S18-CERRADURAE.X\RETARDOS.ASM 38 : Found label after column 1. (retbucle1a)
Warning[207] C:\USERS\USER\DESKTOP\SESIÛN 18\S18-CERRADURAE.X\RETARDOS.ASM 41 : Found label after column 1. (retbucle2a)
Warning[207] C:\USERS\USER\DESKTOP\SESIÛN 18\S18-CERRADURAE.X\RETARDOS.ASM 44 : Found label after column 1. (retbucle3a)
Warning[207] C:\USERS\USER\DESKTOP\SESIÛN 18\S18-CERRADURAE.X\RETARDOS.ASM 47 : Found label after column 1. (retbucle4a)
Warning[203] C:\USERS\USER\DESKTOP\SESIÛN 18\S18-CERRADURAE.X\RETARDOS.ASM 57 : Found opcode in column 1. (RETURN)
Warning[205] C:\USERS\USER\DESKTOP\SESIÛN 18\S18-CERRADURAE.X\S18-CERRADURAE.ASM 173 : Found directive in column 1. (INCLUDE)
Warning[205] C:\USERS\USER\DESKTOP\SESIÛN 18\S18-CERRADURAE.X\CONVERSOR.ASM 5 : Found directive in column 1. (cblock)
Warning[205] C:\USERS\USER\DESKTOP\SESIÛN 18\S18-CERRADURAE.X\CONVERSOR.ASM 9 : Found directive in column 1. (ENDC)
Warning[205] C:\USERS\USER\DESKTOP\SESIÛN 18\S18-CERRADURAE.X\S18-CERRADURAE.ASM 174 : Found directive in column 1. (END)
