Warning[205] C:\USERS\USER\DESKTOP\SESIÛN 17\S17-PIANO.X\S17-PIANO.ASM 26 : Found directive in column 1. (INCLUDE)
Warning[205] C:\USERS\USER\DESKTOP\SESIÛN 17\S17-PIANO.X\S17-PIANO.ASM 27 : Found directive in column 1. (LIST)
Warning[205] C:\USERS\USER\DESKTOP\SESIÛN 17\S17-PIANO.X\S17-PIANO.ASM 28 : Found directive in column 1. (INCLUDE)
Warning[205] C:\USERS\USER\DESKTOP\SESIÛN 17\S17-PIANO.X\MIMACRO.INC 47 : Found directive in column 1. (endm)
Warning[205] C:\USERS\USER\DESKTOP\SESIÛN 17\S17-PIANO.X\MIMACRO.INC 55 : Found directive in column 1. (endm)
Warning[205] C:\USERS\USER\DESKTOP\SESIÛN 17\S17-PIANO.X\MIMACRO.INC 63 : Found directive in column 1. (endm)
Warning[205] C:\USERS\USER\DESKTOP\SESIÛN 17\S17-PIANO.X\MIMACRO.INC 69 : Found directive in column 1. (endm)
Warning[205] C:\USERS\USER\DESKTOP\SESIÛN 17\S17-PIANO.X\MIMACRO.INC 75 : Found directive in column 1. (endm)
Warning[205] C:\USERS\USER\DESKTOP\SESIÛN 17\S17-PIANO.X\MIMACRO.INC 79 : Found directive in column 1. (endm)
Warning[205] C:\USERS\USER\DESKTOP\SESIÛN 17\S17-PIANO.X\MIMACRO.INC 84 : Found directive in column 1. (endm)
Warning[205] C:\USERS\USER\DESKTOP\SESIÛN 17\S17-PIANO.X\MIMACRO.INC 90 : Found directive in column 1. (endm)
Warning[205] C:\USERS\USER\DESKTOP\SESIÛN 17\S17-PIANO.X\MIMACRO.INC 121 : Found directive in column 1. (endm)
Warning[205] C:\USERS\USER\DESKTOP\SESIÛN 17\S17-PIANO.X\MIMACRO.INC 144 : Found directive in column 1. (endm)
Warning[205] C:\USERS\USER\DESKTOP\SESIÛN 17\S17-PIANO.X\MIMACRO.INC 148 : Found directive in column 1. (endm)
Warning[205] C:\USERS\USER\DESKTOP\SESIÛN 17\S17-PIANO.X\MIMACRO.INC 211 : Found directive in column 1. (endm)
Warning[205] C:\USERS\USER\DESKTOP\SESIÛN 17\S17-PIANO.X\MIMACRO.INC 254 : Found directive in column 1. (endm)
Warning[207] C:\USERS\USER\DESKTOP\SESIÛN 17\S17-PIANO.X\MIMACRO.INC 263 : Found label after column 1. (borralcd)
Warning[207] C:\USERS\USER\DESKTOP\SESIÛN 17\S17-PIANO.X\MIMACRO.INC 267 : Found label after column 1. (desplazaderecha)
Warning[207] C:\USERS\USER\DESKTOP\SESIÛN 17\S17-PIANO.X\MIMACRO.INC 271 : Found label after column 1. (desplazaizquierda)
Warning[207] C:\USERS\USER\DESKTOP\SESIÛN 17\S17-PIANO.X\MIMACRO.INC 275 : Found label after column 1. (apagarpantalla)
Warning[207] C:\USERS\USER\DESKTOP\SESIÛN 17\S17-PIANO.X\MIMACRO.INC 279 : Found label after column 1. (encenderpantalla)
Warning[207] C:\USERS\USER\DESKTOP\SESIÛN 17\S17-PIANO.X\MIMACRO.INC 289 : Found label after column 1. (PULSOSUB)
Warning[205] C:\USERS\USER\DESKTOP\SESIÛN 17\S17-PIANO.X\MIMACRO.INC 303 : Found directive in column 1. (endm)
Warning[205] C:\USERS\USER\DESKTOP\SESIÛN 17\S17-PIANO.X\MIMACRO.INC 311 : Found directive in column 1. (endm)
Warning[205] C:\USERS\USER\DESKTOP\SESIÛN 17\S17-PIANO.X\MIMACRO.INC 320 : Found directive in column 1. (endm)
Warning[205] C:\USERS\USER\DESKTOP\SESIÛN 17\S17-PIANO.X\MIMACRO.INC 330 : Found directive in column 1. (endm)
Warning[205] C:\USERS\USER\DESKTOP\SESIÛN 17\S17-PIANO.X\MIMACRO.INC 344 : Found directive in column 1. (endm)
Warning[205] C:\USERS\USER\DESKTOP\SESIÛN 17\S17-PIANO.X\MIMACRO.INC 350 : Found directive in column 1. (endm)
Warning[205] C:\USERS\USER\DESKTOP\SESIÛN 17\S17-PIANO.X\S17-PIANO.ASM 29 : Found directive in column 1. (__config)
Warning[205] C:\USERS\USER\DESKTOP\SESIÛN 17\S17-PIANO.X\S17-PIANO.ASM 30 : Found directive in column 1. (CBLOCK)
Message[313] C:\USERS\USER\DESKTOP\SESIÛN 17\S17-PIANO.X\S17-PIANO.ASM 30 : CBLOCK constants will start with a value of 0.
Warning[205] C:\USERS\USER\DESKTOP\SESIÛN 17\S17-PIANO.X\S17-PIANO.ASM 31 : Found directive in column 1. (ENDC)
Warning[205] C:\USERS\USER\DESKTOP\SESIÛN 17\S17-PIANO.X\S17-PIANO.ASM 32 : Found directive in column 1. (ORG)
Warning[206] C:\USERS\USER\DESKTOP\SESIÛN 17\S17-PIANO.X\S17-PIANO.ASM 34 : Found call to macro in column 1. (banco)
Warning[205] C:\USERS\USER\DESKTOP\SESIÛN 17\S17-PIANO.X\MIMACRO.INC 24 : Found directive in column 1. (if)
Warning[205] C:\USERS\USER\DESKTOP\SESIÛN 17\S17-PIANO.X\MIMACRO.INC 29 : Found directive in column 1. (if)
Warning[203] C:\USERS\USER\DESKTOP\SESIÛN 17\S17-PIANO.X\MIMACRO.INC 31 : Found opcode in column 1. (BSF)
Warning[203] C:\USERS\USER\DESKTOP\SESIÛN 17\S17-PIANO.X\MIMACRO.INC 32 : Found opcode in column 1. (BCF)
Warning[205] C:\USERS\USER\DESKTOP\SESIÛN 17\S17-PIANO.X\MIMACRO.INC 33 : Found directive in column 1. (endif)
Warning[205] C:\USERS\USER\DESKTOP\SESIÛN 17\S17-PIANO.X\MIMACRO.INC 35 : Found directive in column 1. (if)
Warning[205] C:\USERS\USER\DESKTOP\SESIÛN 17\S17-PIANO.X\MIMACRO.INC 41 : Found directive in column 1. (if)
Warning[203] C:\USERS\USER\DESKTOP\SESIÛN 17\S17-PIANO.X\S17-PIANO.ASM 35 : Found opcode in column 1. (MOVLW)
Warning[203] C:\USERS\USER\DESKTOP\SESIÛN 17\S17-PIANO.X\S17-PIANO.ASM 36 : Found opcode in column 1. (MOVWF)
Message[302] C:\USERS\USER\DESKTOP\SESIÛN 17\S17-PIANO.X\S17-PIANO.ASM 36 : Register in operand not in bank 0.  Ensure that bank bits are correct.
Warning[203] C:\USERS\USER\DESKTOP\SESIÛN 17\S17-PIANO.X\S17-PIANO.ASM 37 : Found opcode in column 1. (BCF)
Message[302] C:\USERS\USER\DESKTOP\SESIÛN 17\S17-PIANO.X\S17-PIANO.ASM 37 : Register in operand not in bank 0.  Ensure that bank bits are correct.
Warning[203] C:\USERS\USER\DESKTOP\SESIÛN 17\S17-PIANO.X\S17-PIANO.ASM 38 : Found opcode in column 1. (BCF)
Message[302] C:\USERS\USER\DESKTOP\SESIÛN 17\S17-PIANO.X\S17-PIANO.ASM 38 : Register in operand not in bank 0.  Ensure that bank bits are correct.
Warning[206] C:\USERS\USER\DESKTOP\SESIÛN 17\S17-PIANO.X\S17-PIANO.ASM 39 : Found call to macro in column 1. (banco)
Warning[205] C:\USERS\USER\DESKTOP\SESIÛN 17\S17-PIANO.X\MIMACRO.INC 24 : Found directive in column 1. (if)
Warning[203] C:\USERS\USER\DESKTOP\SESIÛN 17\S17-PIANO.X\MIMACRO.INC 25 : Found opcode in column 1. (BCF)
Warning[203] C:\USERS\USER\DESKTOP\SESIÛN 17\S17-PIANO.X\MIMACRO.INC 26 : Found opcode in column 1. (BCF)
Warning[205] C:\USERS\USER\DESKTOP\SESIÛN 17\S17-PIANO.X\MIMACRO.INC 27 : Found directive in column 1. (endif)
Warning[205] C:\USERS\USER\DESKTOP\SESIÛN 17\S17-PIANO.X\MIMACRO.INC 29 : Found directive in column 1. (if)
Warning[205] C:\USERS\USER\DESKTOP\SESIÛN 17\S17-PIANO.X\MIMACRO.INC 35 : Found directive in column 1. (if)
Warning[205] C:\USERS\USER\DESKTOP\SESIÛN 17\S17-PIANO.X\MIMACRO.INC 41 : Found directive in column 1. (if)
Warning[203] C:\USERS\USER\DESKTOP\SESIÛN 17\S17-PIANO.X\S17-PIANO.ASM 40 : Found opcode in column 1. (CLRF)
Warning[203] C:\USERS\USER\DESKTOP\SESIÛN 17\S17-PIANO.X\S17-PIANO.ASM 41 : Found opcode in column 1. (CLRF)
Warning[203] C:\USERS\USER\DESKTOP\SESIÛN 17\S17-PIANO.X\S17-PIANO.ASM 43 : Found opcode in column 1. (MOVLW)
Warning[203] C:\USERS\USER\DESKTOP\SESIÛN 17\S17-PIANO.X\S17-PIANO.ASM 44 : Found opcode in column 1. (MOVWF)
Warning[203] C:\USERS\USER\DESKTOP\SESIÛN 17\S17-PIANO.X\S17-PIANO.ASM 47 : Found opcode in column 1. (movlw)
Warning[203] C:\USERS\USER\DESKTOP\SESIÛN 17\S17-PIANO.X\S17-PIANO.ASM 48 : Found opcode in column 1. (movwf)
Warning[203] C:\USERS\USER\DESKTOP\SESIÛN 17\S17-PIANO.X\S17-PIANO.ASM 51 : Found opcode in column 1. (BCF)
Warning[203] C:\USERS\USER\DESKTOP\SESIÛN 17\S17-PIANO.X\S17-PIANO.ASM 52 : Found opcode in column 1. (BCF)
Warning[203] C:\USERS\USER\DESKTOP\SESIÛN 17\S17-PIANO.X\S17-PIANO.ASM 53 : Found opcode in column 1. (MOVLW)
Warning[203] C:\USERS\USER\DESKTOP\SESIÛN 17\S17-PIANO.X\S17-PIANO.ASM 54 : Found opcode in column 1. (MOVWF)
Warning[203] C:\USERS\USER\DESKTOP\SESIÛN 17\S17-PIANO.X\S17-PIANO.ASM 56 : Found opcode in column 1. (BTFSC)
Warning[203] C:\USERS\USER\DESKTOP\SESIÛN 17\S17-PIANO.X\S17-PIANO.ASM 57 : Found opcode in column 1. (GOTO)
Warning[203] C:\USERS\USER\DESKTOP\SESIÛN 17\S17-PIANO.X\S17-PIANO.ASM 58 : Found opcode in column 1. (BTFSC)
Warning[203] C:\USERS\USER\DESKTOP\SESIÛN 17\S17-PIANO.X\S17-PIANO.ASM 59 : Found opcode in column 1. (GOTO)
Warning[203] C:\USERS\USER\DESKTOP\SESIÛN 17\S17-PIANO.X\S17-PIANO.ASM 60 : Found opcode in column 1. (BTFSC)
Warning[203] C:\USERS\USER\DESKTOP\SESIÛN 17\S17-PIANO.X\S17-PIANO.ASM 61 : Found opcode in column 1. (GOTO)
Warning[203] C:\USERS\USER\DESKTOP\SESIÛN 17\S17-PIANO.X\S17-PIANO.ASM 62 : Found opcode in column 1. (BTFSC)
Warning[203] C:\USERS\USER\DESKTOP\SESIÛN 17\S17-PIANO.X\S17-PIANO.ASM 63 : Found opcode in column 1. (GOTO)
Warning[203] C:\USERS\USER\DESKTOP\SESIÛN 17\S17-PIANO.X\S17-PIANO.ASM 64 : Found opcode in column 1. (BTFSC)
Warning[203] C:\USERS\USER\DESKTOP\SESIÛN 17\S17-PIANO.X\S17-PIANO.ASM 65 : Found opcode in column 1. (GOTO)
Warning[203] C:\USERS\USER\DESKTOP\SESIÛN 17\S17-PIANO.X\S17-PIANO.ASM 66 : Found opcode in column 1. (BTFSC)
Warning[203] C:\USERS\USER\DESKTOP\SESIÛN 17\S17-PIANO.X\S17-PIANO.ASM 67 : Found opcode in column 1. (GOTO)
Warning[203] C:\USERS\USER\DESKTOP\SESIÛN 17\S17-PIANO.X\S17-PIANO.ASM 68 : Found opcode in column 1. (BTFSC)
Warning[203] C:\USERS\USER\DESKTOP\SESIÛN 17\S17-PIANO.X\S17-PIANO.ASM 69 : Found opcode in column 1. (GOTO)
Warning[203] C:\USERS\USER\DESKTOP\SESIÛN 17\S17-PIANO.X\S17-PIANO.ASM 70 : Found opcode in column 1. (GOTO)
Warning[203] C:\USERS\USER\DESKTOP\SESIÛN 17\S17-PIANO.X\S17-PIANO.ASM 73 : Found opcode in column 1. (BSF)
Warning[203] C:\USERS\USER\DESKTOP\SESIÛN 17\S17-PIANO.X\S17-PIANO.ASM 74 : Found opcode in column 1. (BSF)
Warning[206] C:\USERS\USER\DESKTOP\SESIÛN 17\S17-PIANO.X\S17-PIANO.ASM 75 : Found call to macro in column 1. (banco)
Warning[205] C:\USERS\USER\DESKTOP\SESIÛN 17\S17-PIANO.X\MIMACRO.INC 24 : Found directive in column 1. (if)
Warning[205] C:\USERS\USER\DESKTOP\SESIÛN 17\S17-PIANO.X\MIMACRO.INC 29 : Found directive in column 1. (if)
Warning[203] C:\USERS\USER\DESKTOP\SESIÛN 17\S17-PIANO.X\MIMACRO.INC 31 : Found opcode in column 1. (BSF)
Warning[203] C:\USERS\USER\DESKTOP\SESIÛN 17\S17-PIANO.X\MIMACRO.INC 32 : Found opcode in column 1. (BCF)
Warning[205] C:\USERS\USER\DESKTOP\SESIÛN 17\S17-PIANO.X\MIMACRO.INC 33 : Found directive in column 1. (endif)
Warning[205] C:\USERS\USER\DESKTOP\SESIÛN 17\S17-PIANO.X\MIMACRO.INC 35 : Found directive in column 1. (if)
Warning[205] C:\USERS\USER\DESKTOP\SESIÛN 17\S17-PIANO.X\MIMACRO.INC 41 : Found directive in column 1. (if)
Warning[203] C:\USERS\USER\DESKTOP\SESIÛN 17\S17-PIANO.X\S17-PIANO.ASM 76 : Found opcode in column 1. (MOVLW)
Warning[203] C:\USERS\USER\DESKTOP\SESIÛN 17\S17-PIANO.X\S17-PIANO.ASM 77 : Found opcode in column 1. (movwf)
Message[302] C:\USERS\USER\DESKTOP\SESIÛN 17\S17-PIANO.X\S17-PIANO.ASM 77 : Register in operand not in bank 0.  Ensure that bank bits are correct.
Warning[206] C:\USERS\USER\DESKTOP\SESIÛN 17\S17-PIANO.X\S17-PIANO.ASM 78 : Found call to macro in column 1. (banco)
Warning[205] C:\USERS\USER\DESKTOP\SESIÛN 17\S17-PIANO.X\MIMACRO.INC 24 : Found directive in column 1. (if)
Warning[203] C:\USERS\USER\DESKTOP\SESIÛN 17\S17-PIANO.X\MIMACRO.INC 25 : Found opcode in column 1. (BCF)
Warning[203] C:\USERS\USER\DESKTOP\SESIÛN 17\S17-PIANO.X\MIMACRO.INC 26 : Found opcode in column 1. (BCF)
Warning[205] C:\USERS\USER\DESKTOP\SESIÛN 17\S17-PIANO.X\MIMACRO.INC 27 : Found directive in column 1. (endif)
Warning[205] C:\USERS\USER\DESKTOP\SESIÛN 17\S17-PIANO.X\MIMACRO.INC 29 : Found directive in column 1. (if)
Warning[205] C:\USERS\USER\DESKTOP\SESIÛN 17\S17-PIANO.X\MIMACRO.INC 35 : Found directive in column 1. (if)
Warning[205] C:\USERS\USER\DESKTOP\SESIÛN 17\S17-PIANO.X\MIMACRO.INC 41 : Found directive in column 1. (if)
Warning[203] C:\USERS\USER\DESKTOP\SESIÛN 17\S17-PIANO.X\S17-PIANO.ASM 79 : Found opcode in column 1. (MOVLW)
Warning[203] C:\USERS\USER\DESKTOP\SESIÛN 17\S17-PIANO.X\S17-PIANO.ASM 80 : Found opcode in column 1. (MOVWF)
Warning[203] C:\USERS\USER\DESKTOP\SESIÛN 17\S17-PIANO.X\S17-PIANO.ASM 81 : Found opcode in column 1. (BTFSC)
Warning[203] C:\USERS\USER\DESKTOP\SESIÛN 17\S17-PIANO.X\S17-PIANO.ASM 82 : Found opcode in column 1. (GOTO)
Warning[203] C:\USERS\USER\DESKTOP\SESIÛN 17\S17-PIANO.X\S17-PIANO.ASM 83 : Found opcode in column 1. (GOTO)
Warning[203] C:\USERS\USER\DESKTOP\SESIÛN 17\S17-PIANO.X\S17-PIANO.ASM 86 : Found opcode in column 1. (BSF)
Warning[203] C:\USERS\USER\DESKTOP\SESIÛN 17\S17-PIANO.X\S17-PIANO.ASM 87 : Found opcode in column 1. (BSF)
Warning[206] C:\USERS\USER\DESKTOP\SESIÛN 17\S17-PIANO.X\S17-PIANO.ASM 88 : Found call to macro in column 1. (banco)
Warning[205] C:\USERS\USER\DESKTOP\SESIÛN 17\S17-PIANO.X\MIMACRO.INC 24 : Found directive in column 1. (if)
Warning[205] C:\USERS\USER\DESKTOP\SESIÛN 17\S17-PIANO.X\MIMACRO.INC 29 : Found directive in column 1. (if)
Warning[203] C:\USERS\USER\DESKTOP\SESIÛN 17\S17-PIANO.X\MIMACRO.INC 31 : Found opcode in column 1. (BSF)
Warning[203] C:\USERS\USER\DESKTOP\SESIÛN 17\S17-PIANO.X\MIMACRO.INC 32 : Found opcode in column 1. (BCF)
Warning[205] C:\USERS\USER\DESKTOP\SESIÛN 17\S17-PIANO.X\MIMACRO.INC 33 : Found directive in column 1. (endif)
Warning[205] C:\USERS\USER\DESKTOP\SESIÛN 17\S17-PIANO.X\MIMACRO.INC 35 : Found directive in column 1. (if)
Warning[205] C:\USERS\USER\DESKTOP\SESIÛN 17\S17-PIANO.X\MIMACRO.INC 41 : Found directive in column 1. (if)
Warning[203] C:\USERS\USER\DESKTOP\SESIÛN 17\S17-PIANO.X\S17-PIANO.ASM 89 : Found opcode in column 1. (MOVLW)
Warning[203] C:\USERS\USER\DESKTOP\SESIÛN 17\S17-PIANO.X\S17-PIANO.ASM 90 : Found opcode in column 1. (MOVWF)
Message[302] C:\USERS\USER\DESKTOP\SESIÛN 17\S17-PIANO.X\S17-PIANO.ASM 90 : Register in operand not in bank 0.  Ensure that bank bits are correct.
Warning[206] C:\USERS\USER\DESKTOP\SESIÛN 17\S17-PIANO.X\S17-PIANO.ASM 91 : Found call to macro in column 1. (banco)
Warning[205] C:\USERS\USER\DESKTOP\SESIÛN 17\S17-PIANO.X\MIMACRO.INC 24 : Found directive in column 1. (if)
Warning[203] C:\USERS\USER\DESKTOP\SESIÛN 17\S17-PIANO.X\MIMACRO.INC 25 : Found opcode in column 1. (BCF)
Warning[203] C:\USERS\USER\DESKTOP\SESIÛN 17\S17-PIANO.X\MIMACRO.INC 26 : Found opcode in column 1. (BCF)
Warning[205] C:\USERS\USER\DESKTOP\SESIÛN 17\S17-PIANO.X\MIMACRO.INC 27 : Found directive in column 1. (endif)
Warning[205] C:\USERS\USER\DESKTOP\SESIÛN 17\S17-PIANO.X\MIMACRO.INC 29 : Found directive in column 1. (if)
Warning[205] C:\USERS\USER\DESKTOP\SESIÛN 17\S17-PIANO.X\MIMACRO.INC 35 : Found directive in column 1. (if)
Warning[205] C:\USERS\USER\DESKTOP\SESIÛN 17\S17-PIANO.X\MIMACRO.INC 41 : Found directive in column 1. (if)
Warning[203] C:\USERS\USER\DESKTOP\SESIÛN 17\S17-PIANO.X\S17-PIANO.ASM 92 : Found opcode in column 1. (MOVLW)
Warning[203] C:\USERS\USER\DESKTOP\SESIÛN 17\S17-PIANO.X\S17-PIANO.ASM 93 : Found opcode in column 1. (MOVWF)
Warning[203] C:\USERS\USER\DESKTOP\SESIÛN 17\S17-PIANO.X\S17-PIANO.ASM 94 : Found opcode in column 1. (BTFSC)
Warning[203] C:\USERS\USER\DESKTOP\SESIÛN 17\S17-PIANO.X\S17-PIANO.ASM 95 : Found opcode in column 1. (GOTO)
Warning[203] C:\USERS\USER\DESKTOP\SESIÛN 17\S17-PIANO.X\S17-PIANO.ASM 96 : Found opcode in column 1. (GOTO)
Warning[203] C:\USERS\USER\DESKTOP\SESIÛN 17\S17-PIANO.X\S17-PIANO.ASM 99 : Found opcode in column 1. (BSF)
Warning[203] C:\USERS\USER\DESKTOP\SESIÛN 17\S17-PIANO.X\S17-PIANO.ASM 100 : Found opcode in column 1. (BSF)
Warning[206] C:\USERS\USER\DESKTOP\SESIÛN 17\S17-PIANO.X\S17-PIANO.ASM 101 : Found call to macro in column 1. (banco)
Warning[205] C:\USERS\USER\DESKTOP\SESIÛN 17\S17-PIANO.X\MIMACRO.INC 24 : Found directive in column 1. (if)
Warning[205] C:\USERS\USER\DESKTOP\SESIÛN 17\S17-PIANO.X\MIMACRO.INC 29 : Found directive in column 1. (if)
Warning[203] C:\USERS\USER\DESKTOP\SESIÛN 17\S17-PIANO.X\MIMACRO.INC 31 : Found opcode in column 1. (BSF)
Warning[203] C:\USERS\USER\DESKTOP\SESIÛN 17\S17-PIANO.X\MIMACRO.INC 32 : Found opcode in column 1. (BCF)
Warning[205] C:\USERS\USER\DESKTOP\SESIÛN 17\S17-PIANO.X\MIMACRO.INC 33 : Found directive in column 1. (endif)
Warning[205] C:\USERS\USER\DESKTOP\SESIÛN 17\S17-PIANO.X\MIMACRO.INC 35 : Found directive in column 1. (if)
Warning[205] C:\USERS\USER\DESKTOP\SESIÛN 17\S17-PIANO.X\MIMACRO.INC 41 : Found directive in column 1. (if)
Warning[203] C:\USERS\USER\DESKTOP\SESIÛN 17\S17-PIANO.X\S17-PIANO.ASM 102 : Found opcode in column 1. (MOVLW)
Warning[203] C:\USERS\USER\DESKTOP\SESIÛN 17\S17-PIANO.X\S17-PIANO.ASM 103 : Found opcode in column 1. (MOVWF)
Message[302] C:\USERS\USER\DESKTOP\SESIÛN 17\S17-PIANO.X\S17-PIANO.ASM 103 : Register in operand not in bank 0.  Ensure that bank bits are correct.
Warning[206] C:\USERS\USER\DESKTOP\SESIÛN 17\S17-PIANO.X\S17-PIANO.ASM 104 : Found call to macro in column 1. (banco)
Warning[205] C:\USERS\USER\DESKTOP\SESIÛN 17\S17-PIANO.X\MIMACRO.INC 24 : Found directive in column 1. (if)
Warning[203] C:\USERS\USER\DESKTOP\SESIÛN 17\S17-PIANO.X\MIMACRO.INC 25 : Found opcode in column 1. (BCF)
Warning[203] C:\USERS\USER\DESKTOP\SESIÛN 17\S17-PIANO.X\MIMACRO.INC 26 : Found opcode in column 1. (BCF)
Warning[205] C:\USERS\USER\DESKTOP\SESIÛN 17\S17-PIANO.X\MIMACRO.INC 27 : Found directive in column 1. (endif)
Warning[205] C:\USERS\USER\DESKTOP\SESIÛN 17\S17-PIANO.X\MIMACRO.INC 29 : Found directive in column 1. (if)
Warning[205] C:\USERS\USER\DESKTOP\SESIÛN 17\S17-PIANO.X\MIMACRO.INC 35 : Found directive in column 1. (if)
Warning[205] C:\USERS\USER\DESKTOP\SESIÛN 17\S17-PIANO.X\MIMACRO.INC 41 : Found directive in column 1. (if)
Warning[203] C:\USERS\USER\DESKTOP\SESIÛN 17\S17-PIANO.X\S17-PIANO.ASM 105 : Found opcode in column 1. (MOVLW)
Warning[203] C:\USERS\USER\DESKTOP\SESIÛN 17\S17-PIANO.X\S17-PIANO.ASM 106 : Found opcode in column 1. (MOVWF)
Warning[203] C:\USERS\USER\DESKTOP\SESIÛN 17\S17-PIANO.X\S17-PIANO.ASM 107 : Found opcode in column 1. (BTFSC)
Warning[203] C:\USERS\USER\DESKTOP\SESIÛN 17\S17-PIANO.X\S17-PIANO.ASM 108 : Found opcode in column 1. (GOTO)
Warning[203] C:\USERS\USER\DESKTOP\SESIÛN 17\S17-PIANO.X\S17-PIANO.ASM 109 : Found opcode in column 1. (GOTO)
Warning[203] C:\USERS\USER\DESKTOP\SESIÛN 17\S17-PIANO.X\S17-PIANO.ASM 112 : Found opcode in column 1. (BSF)
Warning[203] C:\USERS\USER\DESKTOP\SESIÛN 17\S17-PIANO.X\S17-PIANO.ASM 113 : Found opcode in column 1. (BSF)
Warning[206] C:\USERS\USER\DESKTOP\SESIÛN 17\S17-PIANO.X\S17-PIANO.ASM 114 : Found call to macro in column 1. (banco)
Warning[205] C:\USERS\USER\DESKTOP\SESIÛN 17\S17-PIANO.X\MIMACRO.INC 24 : Found directive in column 1. (if)
Warning[205] C:\USERS\USER\DESKTOP\SESIÛN 17\S17-PIANO.X\MIMACRO.INC 29 : Found directive in column 1. (if)
Warning[203] C:\USERS\USER\DESKTOP\SESIÛN 17\S17-PIANO.X\MIMACRO.INC 31 : Found opcode in column 1. (BSF)
Warning[203] C:\USERS\USER\DESKTOP\SESIÛN 17\S17-PIANO.X\MIMACRO.INC 32 : Found opcode in column 1. (BCF)
Warning[205] C:\USERS\USER\DESKTOP\SESIÛN 17\S17-PIANO.X\MIMACRO.INC 33 : Found directive in column 1. (endif)
Warning[205] C:\USERS\USER\DESKTOP\SESIÛN 17\S17-PIANO.X\MIMACRO.INC 35 : Found directive in column 1. (if)
Warning[205] C:\USERS\USER\DESKTOP\SESIÛN 17\S17-PIANO.X\MIMACRO.INC 41 : Found directive in column 1. (if)
Warning[203] C:\USERS\USER\DESKTOP\SESIÛN 17\S17-PIANO.X\S17-PIANO.ASM 115 : Found opcode in column 1. (MOVLW)
Warning[203] C:\USERS\USER\DESKTOP\SESIÛN 17\S17-PIANO.X\S17-PIANO.ASM 116 : Found opcode in column 1. (MOVWF)
Message[302] C:\USERS\USER\DESKTOP\SESIÛN 17\S17-PIANO.X\S17-PIANO.ASM 116 : Register in operand not in bank 0.  Ensure that bank bits are correct.
Warning[206] C:\USERS\USER\DESKTOP\SESIÛN 17\S17-PIANO.X\S17-PIANO.ASM 117 : Found call to macro in column 1. (banco)
Warning[205] C:\USERS\USER\DESKTOP\SESIÛN 17\S17-PIANO.X\MIMACRO.INC 24 : Found directive in column 1. (if)
Warning[203] C:\USERS\USER\DESKTOP\SESIÛN 17\S17-PIANO.X\MIMACRO.INC 25 : Found opcode in column 1. (BCF)
Warning[203] C:\USERS\USER\DESKTOP\SESIÛN 17\S17-PIANO.X\MIMACRO.INC 26 : Found opcode in column 1. (BCF)
Warning[205] C:\USERS\USER\DESKTOP\SESIÛN 17\S17-PIANO.X\MIMACRO.INC 27 : Found directive in column 1. (endif)
Warning[205] C:\USERS\USER\DESKTOP\SESIÛN 17\S17-PIANO.X\MIMACRO.INC 29 : Found directive in column 1. (if)
Warning[205] C:\USERS\USER\DESKTOP\SESIÛN 17\S17-PIANO.X\MIMACRO.INC 35 : Found directive in column 1. (if)
Warning[205] C:\USERS\USER\DESKTOP\SESIÛN 17\S17-PIANO.X\MIMACRO.INC 41 : Found directive in column 1. (if)
Warning[203] C:\USERS\USER\DESKTOP\SESIÛN 17\S17-PIANO.X\S17-PIANO.ASM 118 : Found opcode in column 1. (MOVLW)
Warning[203] C:\USERS\USER\DESKTOP\SESIÛN 17\S17-PIANO.X\S17-PIANO.ASM 119 : Found opcode in column 1. (MOVWF)
Warning[203] C:\USERS\USER\DESKTOP\SESIÛN 17\S17-PIANO.X\S17-PIANO.ASM 120 : Found opcode in column 1. (BTFSC)
Warning[203] C:\USERS\USER\DESKTOP\SESIÛN 17\S17-PIANO.X\S17-PIANO.ASM 121 : Found opcode in column 1. (GOTO)
Warning[203] C:\USERS\USER\DESKTOP\SESIÛN 17\S17-PIANO.X\S17-PIANO.ASM 122 : Found opcode in column 1. (GOTO)
Warning[203] C:\USERS\USER\DESKTOP\SESIÛN 17\S17-PIANO.X\S17-PIANO.ASM 125 : Found opcode in column 1. (BSF)
Warning[203] C:\USERS\USER\DESKTOP\SESIÛN 17\S17-PIANO.X\S17-PIANO.ASM 126 : Found opcode in column 1. (BSF)
Warning[206] C:\USERS\USER\DESKTOP\SESIÛN 17\S17-PIANO.X\S17-PIANO.ASM 127 : Found call to macro in column 1. (banco)
Warning[205] C:\USERS\USER\DESKTOP\SESIÛN 17\S17-PIANO.X\MIMACRO.INC 24 : Found directive in column 1. (if)
Warning[205] C:\USERS\USER\DESKTOP\SESIÛN 17\S17-PIANO.X\MIMACRO.INC 29 : Found directive in column 1. (if)
Warning[203] C:\USERS\USER\DESKTOP\SESIÛN 17\S17-PIANO.X\MIMACRO.INC 31 : Found opcode in column 1. (BSF)
Warning[203] C:\USERS\USER\DESKTOP\SESIÛN 17\S17-PIANO.X\MIMACRO.INC 32 : Found opcode in column 1. (BCF)
Warning[205] C:\USERS\USER\DESKTOP\SESIÛN 17\S17-PIANO.X\MIMACRO.INC 33 : Found directive in column 1. (endif)
Warning[205] C:\USERS\USER\DESKTOP\SESIÛN 17\S17-PIANO.X\MIMACRO.INC 35 : Found directive in column 1. (if)
Warning[205] C:\USERS\USER\DESKTOP\SESIÛN 17\S17-PIANO.X\MIMACRO.INC 41 : Found directive in column 1. (if)
Warning[203] C:\USERS\USER\DESKTOP\SESIÛN 17\S17-PIANO.X\S17-PIANO.ASM 128 : Found opcode in column 1. (MOVLW)
Warning[203] C:\USERS\USER\DESKTOP\SESIÛN 17\S17-PIANO.X\S17-PIANO.ASM 129 : Found opcode in column 1. (movwf)
Message[302] C:\USERS\USER\DESKTOP\SESIÛN 17\S17-PIANO.X\S17-PIANO.ASM 129 : Register in operand not in bank 0.  Ensure that bank bits are correct.
Warning[206] C:\USERS\USER\DESKTOP\SESIÛN 17\S17-PIANO.X\S17-PIANO.ASM 130 : Found call to macro in column 1. (banco)
Warning[205] C:\USERS\USER\DESKTOP\SESIÛN 17\S17-PIANO.X\MIMACRO.INC 24 : Found directive in column 1. (if)
Warning[203] C:\USERS\USER\DESKTOP\SESIÛN 17\S17-PIANO.X\MIMACRO.INC 25 : Found opcode in column 1. (BCF)
Warning[203] C:\USERS\USER\DESKTOP\SESIÛN 17\S17-PIANO.X\MIMACRO.INC 26 : Found opcode in column 1. (BCF)
Warning[205] C:\USERS\USER\DESKTOP\SESIÛN 17\S17-PIANO.X\MIMACRO.INC 27 : Found directive in column 1. (endif)
Warning[205] C:\USERS\USER\DESKTOP\SESIÛN 17\S17-PIANO.X\MIMACRO.INC 29 : Found directive in column 1. (if)
Warning[205] C:\USERS\USER\DESKTOP\SESIÛN 17\S17-PIANO.X\MIMACRO.INC 35 : Found directive in column 1. (if)
Warning[205] C:\USERS\USER\DESKTOP\SESIÛN 17\S17-PIANO.X\MIMACRO.INC 41 : Found directive in column 1. (if)
Warning[203] C:\USERS\USER\DESKTOP\SESIÛN 17\S17-PIANO.X\S17-PIANO.ASM 131 : Found opcode in column 1. (MOVLW)
Warning[203] C:\USERS\USER\DESKTOP\SESIÛN 17\S17-PIANO.X\S17-PIANO.ASM 132 : Found opcode in column 1. (MOVWF)
Warning[203] C:\USERS\USER\DESKTOP\SESIÛN 17\S17-PIANO.X\S17-PIANO.ASM 133 : Found opcode in column 1. (BTFSC)
Warning[203] C:\USERS\USER\DESKTOP\SESIÛN 17\S17-PIANO.X\S17-PIANO.ASM 134 : Found opcode in column 1. (GOTO)
Warning[203] C:\USERS\USER\DESKTOP\SESIÛN 17\S17-PIANO.X\S17-PIANO.ASM 135 : Found opcode in column 1. (GOTO)
Warning[203] C:\USERS\USER\DESKTOP\SESIÛN 17\S17-PIANO.X\S17-PIANO.ASM 138 : Found opcode in column 1. (BSF)
Warning[203] C:\USERS\USER\DESKTOP\SESIÛN 17\S17-PIANO.X\S17-PIANO.ASM 139 : Found opcode in column 1. (BSF)
Warning[206] C:\USERS\USER\DESKTOP\SESIÛN 17\S17-PIANO.X\S17-PIANO.ASM 140 : Found call to macro in column 1. (banco)
Warning[205] C:\USERS\USER\DESKTOP\SESIÛN 17\S17-PIANO.X\MIMACRO.INC 24 : Found directive in column 1. (if)
Warning[205] C:\USERS\USER\DESKTOP\SESIÛN 17\S17-PIANO.X\MIMACRO.INC 29 : Found directive in column 1. (if)
Warning[203] C:\USERS\USER\DESKTOP\SESIÛN 17\S17-PIANO.X\MIMACRO.INC 31 : Found opcode in column 1. (BSF)
Warning[203] C:\USERS\USER\DESKTOP\SESIÛN 17\S17-PIANO.X\MIMACRO.INC 32 : Found opcode in column 1. (BCF)
Warning[205] C:\USERS\USER\DESKTOP\SESIÛN 17\S17-PIANO.X\MIMACRO.INC 33 : Found directive in column 1. (endif)
Warning[205] C:\USERS\USER\DESKTOP\SESIÛN 17\S17-PIANO.X\MIMACRO.INC 35 : Found directive in column 1. (if)
Warning[205] C:\USERS\USER\DESKTOP\SESIÛN 17\S17-PIANO.X\MIMACRO.INC 41 : Found directive in column 1. (if)
Warning[203] C:\USERS\USER\DESKTOP\SESIÛN 17\S17-PIANO.X\S17-PIANO.ASM 141 : Found opcode in column 1. (MOVLW)
Warning[203] C:\USERS\USER\DESKTOP\SESIÛN 17\S17-PIANO.X\S17-PIANO.ASM 142 : Found opcode in column 1. (movwf)
Message[302] C:\USERS\USER\DESKTOP\SESIÛN 17\S17-PIANO.X\S17-PIANO.ASM 142 : Register in operand not in bank 0.  Ensure that bank bits are correct.
Warning[206] C:\USERS\USER\DESKTOP\SESIÛN 17\S17-PIANO.X\S17-PIANO.ASM 143 : Found call to macro in column 1. (banco)
Warning[205] C:\USERS\USER\DESKTOP\SESIÛN 17\S17-PIANO.X\MIMACRO.INC 24 : Found directive in column 1. (if)
Warning[203] C:\USERS\USER\DESKTOP\SESIÛN 17\S17-PIANO.X\MIMACRO.INC 25 : Found opcode in column 1. (BCF)
Warning[203] C:\USERS\USER\DESKTOP\SESIÛN 17\S17-PIANO.X\MIMACRO.INC 26 : Found opcode in column 1. (BCF)
Warning[205] C:\USERS\USER\DESKTOP\SESIÛN 17\S17-PIANO.X\MIMACRO.INC 27 : Found directive in column 1. (endif)
Warning[205] C:\USERS\USER\DESKTOP\SESIÛN 17\S17-PIANO.X\MIMACRO.INC 29 : Found directive in column 1. (if)
Warning[205] C:\USERS\USER\DESKTOP\SESIÛN 17\S17-PIANO.X\MIMACRO.INC 35 : Found directive in column 1. (if)
Warning[205] C:\USERS\USER\DESKTOP\SESIÛN 17\S17-PIANO.X\MIMACRO.INC 41 : Found directive in column 1. (if)
Warning[203] C:\USERS\USER\DESKTOP\SESIÛN 17\S17-PIANO.X\S17-PIANO.ASM 144 : Found opcode in column 1. (MOVLW)
Warning[203] C:\USERS\USER\DESKTOP\SESIÛN 17\S17-PIANO.X\S17-PIANO.ASM 145 : Found opcode in column 1. (MOVWF)
Warning[203] C:\USERS\USER\DESKTOP\SESIÛN 17\S17-PIANO.X\S17-PIANO.ASM 146 : Found opcode in column 1. (BTFSC)
Warning[203] C:\USERS\USER\DESKTOP\SESIÛN 17\S17-PIANO.X\S17-PIANO.ASM 147 : Found opcode in column 1. (GOTO)
Warning[203] C:\USERS\USER\DESKTOP\SESIÛN 17\S17-PIANO.X\S17-PIANO.ASM 148 : Found opcode in column 1. (GOTO)
Warning[203] C:\USERS\USER\DESKTOP\SESIÛN 17\S17-PIANO.X\S17-PIANO.ASM 151 : Found opcode in column 1. (BSF)
Warning[203] C:\USERS\USER\DESKTOP\SESIÛN 17\S17-PIANO.X\S17-PIANO.ASM 152 : Found opcode in column 1. (BSF)
Warning[206] C:\USERS\USER\DESKTOP\SESIÛN 17\S17-PIANO.X\S17-PIANO.ASM 153 : Found call to macro in column 1. (banco)
Warning[205] C:\USERS\USER\DESKTOP\SESIÛN 17\S17-PIANO.X\MIMACRO.INC 24 : Found directive in column 1. (if)
Warning[205] C:\USERS\USER\DESKTOP\SESIÛN 17\S17-PIANO.X\MIMACRO.INC 29 : Found directive in column 1. (if)
Warning[203] C:\USERS\USER\DESKTOP\SESIÛN 17\S17-PIANO.X\MIMACRO.INC 31 : Found opcode in column 1. (BSF)
Warning[203] C:\USERS\USER\DESKTOP\SESIÛN 17\S17-PIANO.X\MIMACRO.INC 32 : Found opcode in column 1. (BCF)
Warning[205] C:\USERS\USER\DESKTOP\SESIÛN 17\S17-PIANO.X\MIMACRO.INC 33 : Found directive in column 1. (endif)
Warning[205] C:\USERS\USER\DESKTOP\SESIÛN 17\S17-PIANO.X\MIMACRO.INC 35 : Found directive in column 1. (if)
Warning[205] C:\USERS\USER\DESKTOP\SESIÛN 17\S17-PIANO.X\MIMACRO.INC 41 : Found directive in column 1. (if)
Warning[203] C:\USERS\USER\DESKTOP\SESIÛN 17\S17-PIANO.X\S17-PIANO.ASM 154 : Found opcode in column 1. (MOVLW)
Warning[203] C:\USERS\USER\DESKTOP\SESIÛN 17\S17-PIANO.X\S17-PIANO.ASM 155 : Found opcode in column 1. (movwf)
Message[302] C:\USERS\USER\DESKTOP\SESIÛN 17\S17-PIANO.X\S17-PIANO.ASM 155 : Register in operand not in bank 0.  Ensure that bank bits are correct.
Warning[206] C:\USERS\USER\DESKTOP\SESIÛN 17\S17-PIANO.X\S17-PIANO.ASM 156 : Found call to macro in column 1. (banco)
Warning[205] C:\USERS\USER\DESKTOP\SESIÛN 17\S17-PIANO.X\MIMACRO.INC 24 : Found directive in column 1. (if)
Warning[203] C:\USERS\USER\DESKTOP\SESIÛN 17\S17-PIANO.X\MIMACRO.INC 25 : Found opcode in column 1. (BCF)
Warning[203] C:\USERS\USER\DESKTOP\SESIÛN 17\S17-PIANO.X\MIMACRO.INC 26 : Found opcode in column 1. (BCF)
Warning[205] C:\USERS\USER\DESKTOP\SESIÛN 17\S17-PIANO.X\MIMACRO.INC 27 : Found directive in column 1. (endif)
Warning[205] C:\USERS\USER\DESKTOP\SESIÛN 17\S17-PIANO.X\MIMACRO.INC 29 : Found directive in column 1. (if)
Warning[205] C:\USERS\USER\DESKTOP\SESIÛN 17\S17-PIANO.X\MIMACRO.INC 35 : Found directive in column 1. (if)
Warning[205] C:\USERS\USER\DESKTOP\SESIÛN 17\S17-PIANO.X\MIMACRO.INC 41 : Found directive in column 1. (if)
Warning[203] C:\USERS\USER\DESKTOP\SESIÛN 17\S17-PIANO.X\S17-PIANO.ASM 157 : Found opcode in column 1. (MOVLW)
Warning[203] C:\USERS\USER\DESKTOP\SESIÛN 17\S17-PIANO.X\S17-PIANO.ASM 158 : Found opcode in column 1. (MOVWF)
Warning[203] C:\USERS\USER\DESKTOP\SESIÛN 17\S17-PIANO.X\S17-PIANO.ASM 159 : Found opcode in column 1. (BTFSC)
Warning[203] C:\USERS\USER\DESKTOP\SESIÛN 17\S17-PIANO.X\S17-PIANO.ASM 160 : Found opcode in column 1. (GOTO)
Warning[203] C:\USERS\USER\DESKTOP\SESIÛN 17\S17-PIANO.X\S17-PIANO.ASM 161 : Found opcode in column 1. (GOTO)
Warning[205] C:\USERS\USER\DESKTOP\SESIÛN 17\S17-PIANO.X\S17-PIANO.ASM 163 : Found directive in column 1. (END)
